ARM GAS  C:\Users\joaov\AppData\Local\Temp\ccWPbwZi.s 			page 1


   1              		.cpu cortex-m0
   2              		.eabi_attribute 20, 1
   3              		.eabi_attribute 21, 1
   4              		.eabi_attribute 23, 3
   5              		.eabi_attribute 24, 1
   6              		.eabi_attribute 25, 1
   7              		.eabi_attribute 26, 1
   8              		.eabi_attribute 30, 1
   9              		.eabi_attribute 34, 0
  10              		.eabi_attribute 18, 4
  11              		.file	"main.c"
  12              		.text
  13              	.Ltext0:
  14              		.cfi_sections	.debug_frame
  15              		.section	.text.MX_GPIO_Init,"ax",%progbits
  16              		.align	1
  17              		.arch armv6s-m
  18              		.syntax unified
  19              		.code	16
  20              		.thumb_func
  21              		.fpu softvfp
  23              	MX_GPIO_Init:
  24              	.LFB45:
  25              		.file 1 "Src/main.c"
   1:Src/main.c    **** /* USER CODE BEGIN Header */
   2:Src/main.c    **** /**
   3:Src/main.c    ****   ******************************************************************************
   4:Src/main.c    ****   * @file           : main.c
   5:Src/main.c    ****   * @brief          : Main program body
   6:Src/main.c    ****   ******************************************************************************
   7:Src/main.c    ****   * @attention
   8:Src/main.c    ****   *
   9:Src/main.c    ****   * <h2><center>&copy; Copyright (c) 2019 STMicroelectronics.
  10:Src/main.c    ****   * All rights reserved.</center></h2>
  11:Src/main.c    ****   *
  12:Src/main.c    ****   * This software component is licensed by ST under BSD 3-Clause license,
  13:Src/main.c    ****   * the "License"; You may not use this file except in compliance with the
  14:Src/main.c    ****   * License. You may obtain a copy of the License at:
  15:Src/main.c    ****   *                        opensource.org/licenses/BSD-3-Clause
  16:Src/main.c    ****   *
  17:Src/main.c    ****   ******************************************************************************
  18:Src/main.c    ****   */
  19:Src/main.c    **** /* USER CODE END Header */
  20:Src/main.c    **** 
  21:Src/main.c    **** /* Includes ------------------------------------------------------------------*/
  22:Src/main.c    **** #include "main.h"
  23:Src/main.c    **** 
  24:Src/main.c    **** /* Private includes ----------------------------------------------------------*/
  25:Src/main.c    **** /* USER CODE BEGIN Includes */
  26:Src/main.c    **** 
  27:Src/main.c    **** /* USER CODE END Includes */
  28:Src/main.c    **** 
  29:Src/main.c    **** /* Private typedef -----------------------------------------------------------*/
  30:Src/main.c    **** /* USER CODE BEGIN PTD */
  31:Src/main.c    **** 
  32:Src/main.c    **** /* USER CODE END PTD */
  33:Src/main.c    **** 
ARM GAS  C:\Users\joaov\AppData\Local\Temp\ccWPbwZi.s 			page 2


  34:Src/main.c    **** /* Private define ------------------------------------------------------------*/
  35:Src/main.c    **** /* USER CODE BEGIN PD */
  36:Src/main.c    **** /* USER CODE END PD */
  37:Src/main.c    **** 
  38:Src/main.c    **** /* Private macro -------------------------------------------------------------*/
  39:Src/main.c    **** /* USER CODE BEGIN PM */
  40:Src/main.c    **** 
  41:Src/main.c    **** /* USER CODE END PM */
  42:Src/main.c    **** 
  43:Src/main.c    **** /* Private variables ---------------------------------------------------------*/
  44:Src/main.c    **** ADC_HandleTypeDef hadc;
  45:Src/main.c    **** 
  46:Src/main.c    **** CAN_HandleTypeDef hcan;
  47:Src/main.c    **** 
  48:Src/main.c    **** UART_HandleTypeDef huart2;
  49:Src/main.c    **** 
  50:Src/main.c    **** /* USER CODE BEGIN PV */
  51:Src/main.c    **** 
  52:Src/main.c    **** /* USER CODE END PV */
  53:Src/main.c    **** 
  54:Src/main.c    **** /* Private function prototypes -----------------------------------------------*/
  55:Src/main.c    **** void SystemClock_Config(void);
  56:Src/main.c    **** static void MX_GPIO_Init(void);
  57:Src/main.c    **** static void MX_ADC_Init(void);
  58:Src/main.c    **** static void MX_CAN_Init(void);
  59:Src/main.c    **** static void MX_USART2_UART_Init(void);
  60:Src/main.c    **** /* USER CODE BEGIN PFP */
  61:Src/main.c    **** 
  62:Src/main.c    **** /* USER CODE END PFP */
  63:Src/main.c    **** 
  64:Src/main.c    **** /* Private user code ---------------------------------------------------------*/
  65:Src/main.c    **** /* USER CODE BEGIN 0 */
  66:Src/main.c    **** 
  67:Src/main.c    **** /* USER CODE END 0 */
  68:Src/main.c    **** 
  69:Src/main.c    **** /**
  70:Src/main.c    ****   * @brief  The application entry point.
  71:Src/main.c    ****   * @retval int
  72:Src/main.c    ****   */
  73:Src/main.c    **** int main(void)
  74:Src/main.c    **** {
  75:Src/main.c    ****   /* USER CODE BEGIN 1 */
  76:Src/main.c    **** 
  77:Src/main.c    ****   /* USER CODE END 1 */
  78:Src/main.c    ****   
  79:Src/main.c    **** 
  80:Src/main.c    ****   /* MCU Configuration--------------------------------------------------------*/
  81:Src/main.c    **** 
  82:Src/main.c    ****   /* Reset of all peripherals, Initializes the Flash interface and the Systick. */
  83:Src/main.c    ****   HAL_Init();
  84:Src/main.c    **** 
  85:Src/main.c    ****   /* USER CODE BEGIN Init */
  86:Src/main.c    **** 
  87:Src/main.c    ****   /* USER CODE END Init */
  88:Src/main.c    **** 
  89:Src/main.c    ****   /* Configure the system clock */
  90:Src/main.c    ****   SystemClock_Config();
ARM GAS  C:\Users\joaov\AppData\Local\Temp\ccWPbwZi.s 			page 3


  91:Src/main.c    **** 
  92:Src/main.c    ****   /* USER CODE BEGIN SysInit */
  93:Src/main.c    **** 
  94:Src/main.c    ****   /* USER CODE END SysInit */
  95:Src/main.c    **** 
  96:Src/main.c    ****   /* Initialize all configured peripherals */
  97:Src/main.c    ****   MX_GPIO_Init();
  98:Src/main.c    ****   MX_ADC_Init();
  99:Src/main.c    ****   MX_CAN_Init();
 100:Src/main.c    ****   MX_USART2_UART_Init();
 101:Src/main.c    ****   /* USER CODE BEGIN 2 */
 102:Src/main.c    **** 
 103:Src/main.c    ****   /* USER CODE END 2 */
 104:Src/main.c    **** 
 105:Src/main.c    ****   /* Infinite loop */
 106:Src/main.c    ****   /* USER CODE BEGIN WHILE */
 107:Src/main.c    ****   while (1)
 108:Src/main.c    ****   {
 109:Src/main.c    ****     /* USER CODE END WHILE */
 110:Src/main.c    **** 
 111:Src/main.c    ****     /* USER CODE BEGIN 3 */
 112:Src/main.c    ****     
 113:Src/main.c    ****     
 114:Src/main.c    ****     //Heartbeat led / Blink test program
 115:Src/main.c    ****     HAL_GPIO_TogglePin(BOARD_LED_GPIO_Port, BOARD_LED_Pin);
 116:Src/main.c    ****     HAL_Delay(3000);
 117:Src/main.c    ****   }
 118:Src/main.c    ****   /* USER CODE END 3 */
 119:Src/main.c    **** }
 120:Src/main.c    **** 
 121:Src/main.c    **** /**
 122:Src/main.c    ****   * @brief System Clock Configuration
 123:Src/main.c    ****   * @retval None
 124:Src/main.c    ****   */
 125:Src/main.c    **** void SystemClock_Config(void)
 126:Src/main.c    **** {
 127:Src/main.c    ****   RCC_OscInitTypeDef RCC_OscInitStruct = {0};
 128:Src/main.c    ****   RCC_ClkInitTypeDef RCC_ClkInitStruct = {0};
 129:Src/main.c    **** 
 130:Src/main.c    ****   /** Initializes the CPU, AHB and APB busses clocks 
 131:Src/main.c    ****   */
 132:Src/main.c    ****   RCC_OscInitStruct.OscillatorType = RCC_OSCILLATORTYPE_HSI|RCC_OSCILLATORTYPE_HSI14;
 133:Src/main.c    ****   RCC_OscInitStruct.HSIState = RCC_HSI_ON;
 134:Src/main.c    ****   RCC_OscInitStruct.HSI14State = RCC_HSI14_ON;
 135:Src/main.c    ****   RCC_OscInitStruct.HSICalibrationValue = RCC_HSICALIBRATION_DEFAULT;
 136:Src/main.c    ****   RCC_OscInitStruct.HSI14CalibrationValue = 16;
 137:Src/main.c    ****   RCC_OscInitStruct.PLL.PLLState = RCC_PLL_NONE;
 138:Src/main.c    ****   if (HAL_RCC_OscConfig(&RCC_OscInitStruct) != HAL_OK)
 139:Src/main.c    ****   {
 140:Src/main.c    ****     Error_Handler();
 141:Src/main.c    ****   }
 142:Src/main.c    ****   /** Initializes the CPU, AHB and APB busses clocks 
 143:Src/main.c    ****   */
 144:Src/main.c    ****   RCC_ClkInitStruct.ClockType = RCC_CLOCKTYPE_HCLK|RCC_CLOCKTYPE_SYSCLK
 145:Src/main.c    ****                               |RCC_CLOCKTYPE_PCLK1;
 146:Src/main.c    ****   RCC_ClkInitStruct.SYSCLKSource = RCC_SYSCLKSOURCE_HSI;
 147:Src/main.c    ****   RCC_ClkInitStruct.AHBCLKDivider = RCC_SYSCLK_DIV1;
ARM GAS  C:\Users\joaov\AppData\Local\Temp\ccWPbwZi.s 			page 4


 148:Src/main.c    ****   RCC_ClkInitStruct.APB1CLKDivider = RCC_HCLK_DIV1;
 149:Src/main.c    **** 
 150:Src/main.c    ****   if (HAL_RCC_ClockConfig(&RCC_ClkInitStruct, FLASH_LATENCY_0) != HAL_OK)
 151:Src/main.c    ****   {
 152:Src/main.c    ****     Error_Handler();
 153:Src/main.c    ****   }
 154:Src/main.c    **** }
 155:Src/main.c    **** 
 156:Src/main.c    **** /**
 157:Src/main.c    ****   * @brief ADC Initialization Function
 158:Src/main.c    ****   * @param None
 159:Src/main.c    ****   * @retval None
 160:Src/main.c    ****   */
 161:Src/main.c    **** static void MX_ADC_Init(void)
 162:Src/main.c    **** {
 163:Src/main.c    **** 
 164:Src/main.c    ****   /* USER CODE BEGIN ADC_Init 0 */
 165:Src/main.c    **** 
 166:Src/main.c    ****   /* USER CODE END ADC_Init 0 */
 167:Src/main.c    **** 
 168:Src/main.c    ****   ADC_ChannelConfTypeDef sConfig = {0};
 169:Src/main.c    **** 
 170:Src/main.c    ****   /* USER CODE BEGIN ADC_Init 1 */
 171:Src/main.c    **** 
 172:Src/main.c    ****   /* USER CODE END ADC_Init 1 */
 173:Src/main.c    ****   /** Configure the global features of the ADC (Clock, Resolution, Data Alignment and number of con
 174:Src/main.c    ****   */
 175:Src/main.c    ****   hadc.Instance = ADC1;
 176:Src/main.c    ****   hadc.Init.ClockPrescaler = ADC_CLOCK_ASYNC_DIV1;
 177:Src/main.c    ****   hadc.Init.Resolution = ADC_RESOLUTION_12B;
 178:Src/main.c    ****   hadc.Init.DataAlign = ADC_DATAALIGN_RIGHT;
 179:Src/main.c    ****   hadc.Init.ScanConvMode = ADC_SCAN_DIRECTION_FORWARD;
 180:Src/main.c    ****   hadc.Init.EOCSelection = ADC_EOC_SINGLE_CONV;
 181:Src/main.c    ****   hadc.Init.LowPowerAutoWait = DISABLE;
 182:Src/main.c    ****   hadc.Init.LowPowerAutoPowerOff = DISABLE;
 183:Src/main.c    ****   hadc.Init.ContinuousConvMode = DISABLE;
 184:Src/main.c    ****   hadc.Init.DiscontinuousConvMode = DISABLE;
 185:Src/main.c    ****   hadc.Init.ExternalTrigConv = ADC_SOFTWARE_START;
 186:Src/main.c    ****   hadc.Init.ExternalTrigConvEdge = ADC_EXTERNALTRIGCONVEDGE_NONE;
 187:Src/main.c    ****   hadc.Init.DMAContinuousRequests = DISABLE;
 188:Src/main.c    ****   hadc.Init.Overrun = ADC_OVR_DATA_PRESERVED;
 189:Src/main.c    ****   if (HAL_ADC_Init(&hadc) != HAL_OK)
 190:Src/main.c    ****   {
 191:Src/main.c    ****     Error_Handler();
 192:Src/main.c    ****   }
 193:Src/main.c    ****   /** Configure for the selected ADC regular channel to be converted. 
 194:Src/main.c    ****   */
 195:Src/main.c    ****   sConfig.Channel = ADC_CHANNEL_0;
 196:Src/main.c    ****   sConfig.Rank = ADC_RANK_CHANNEL_NUMBER;
 197:Src/main.c    ****   sConfig.SamplingTime = ADC_SAMPLETIME_1CYCLE_5;
 198:Src/main.c    ****   if (HAL_ADC_ConfigChannel(&hadc, &sConfig) != HAL_OK)
 199:Src/main.c    ****   {
 200:Src/main.c    ****     Error_Handler();
 201:Src/main.c    ****   }
 202:Src/main.c    ****   /* USER CODE BEGIN ADC_Init 2 */
 203:Src/main.c    **** 
 204:Src/main.c    ****   /* USER CODE END ADC_Init 2 */
ARM GAS  C:\Users\joaov\AppData\Local\Temp\ccWPbwZi.s 			page 5


 205:Src/main.c    **** 
 206:Src/main.c    **** }
 207:Src/main.c    **** 
 208:Src/main.c    **** /**
 209:Src/main.c    ****   * @brief CAN Initialization Function
 210:Src/main.c    ****   * @param None
 211:Src/main.c    ****   * @retval None
 212:Src/main.c    ****   */
 213:Src/main.c    **** static void MX_CAN_Init(void)
 214:Src/main.c    **** {
 215:Src/main.c    **** 
 216:Src/main.c    ****   /* USER CODE BEGIN CAN_Init 0 */
 217:Src/main.c    **** 
 218:Src/main.c    ****   /* USER CODE END CAN_Init 0 */
 219:Src/main.c    **** 
 220:Src/main.c    ****   /* USER CODE BEGIN CAN_Init 1 */
 221:Src/main.c    **** 
 222:Src/main.c    ****   /* USER CODE END CAN_Init 1 */
 223:Src/main.c    ****   hcan.Instance = CAN;
 224:Src/main.c    ****   hcan.Init.Prescaler = 16;
 225:Src/main.c    ****   hcan.Init.Mode = CAN_MODE_NORMAL;
 226:Src/main.c    ****   hcan.Init.SyncJumpWidth = CAN_SJW_1TQ;
 227:Src/main.c    ****   hcan.Init.TimeSeg1 = CAN_BS1_1TQ;
 228:Src/main.c    ****   hcan.Init.TimeSeg2 = CAN_BS2_1TQ;
 229:Src/main.c    ****   hcan.Init.TimeTriggeredMode = DISABLE;
 230:Src/main.c    ****   hcan.Init.AutoBusOff = DISABLE;
 231:Src/main.c    ****   hcan.Init.AutoWakeUp = DISABLE;
 232:Src/main.c    ****   hcan.Init.AutoRetransmission = DISABLE;
 233:Src/main.c    ****   hcan.Init.ReceiveFifoLocked = DISABLE;
 234:Src/main.c    ****   hcan.Init.TransmitFifoPriority = DISABLE;
 235:Src/main.c    ****   if (HAL_CAN_Init(&hcan) != HAL_OK)
 236:Src/main.c    ****   {
 237:Src/main.c    ****     Error_Handler();
 238:Src/main.c    ****   }
 239:Src/main.c    ****   /* USER CODE BEGIN CAN_Init 2 */
 240:Src/main.c    **** 
 241:Src/main.c    ****   /* USER CODE END CAN_Init 2 */
 242:Src/main.c    **** 
 243:Src/main.c    **** }
 244:Src/main.c    **** 
 245:Src/main.c    **** /**
 246:Src/main.c    ****   * @brief USART2 Initialization Function
 247:Src/main.c    ****   * @param None
 248:Src/main.c    ****   * @retval None
 249:Src/main.c    ****   */
 250:Src/main.c    **** static void MX_USART2_UART_Init(void)
 251:Src/main.c    **** {
 252:Src/main.c    **** 
 253:Src/main.c    ****   /* USER CODE BEGIN USART2_Init 0 */
 254:Src/main.c    **** 
 255:Src/main.c    ****   /* USER CODE END USART2_Init 0 */
 256:Src/main.c    **** 
 257:Src/main.c    ****   /* USER CODE BEGIN USART2_Init 1 */
 258:Src/main.c    **** 
 259:Src/main.c    ****   /* USER CODE END USART2_Init 1 */
 260:Src/main.c    ****   huart2.Instance = USART2;
 261:Src/main.c    ****   huart2.Init.BaudRate = 38400;
ARM GAS  C:\Users\joaov\AppData\Local\Temp\ccWPbwZi.s 			page 6


 262:Src/main.c    ****   huart2.Init.WordLength = UART_WORDLENGTH_8B;
 263:Src/main.c    ****   huart2.Init.StopBits = UART_STOPBITS_1;
 264:Src/main.c    ****   huart2.Init.Parity = UART_PARITY_NONE;
 265:Src/main.c    ****   huart2.Init.Mode = UART_MODE_TX_RX;
 266:Src/main.c    ****   huart2.Init.HwFlowCtl = UART_HWCONTROL_NONE;
 267:Src/main.c    ****   huart2.Init.OverSampling = UART_OVERSAMPLING_16;
 268:Src/main.c    ****   huart2.Init.OneBitSampling = UART_ONE_BIT_SAMPLE_DISABLE;
 269:Src/main.c    ****   huart2.AdvancedInit.AdvFeatureInit = UART_ADVFEATURE_NO_INIT;
 270:Src/main.c    ****   if (HAL_UART_Init(&huart2) != HAL_OK)
 271:Src/main.c    ****   {
 272:Src/main.c    ****     Error_Handler();
 273:Src/main.c    ****   }
 274:Src/main.c    ****   /* USER CODE BEGIN USART2_Init 2 */
 275:Src/main.c    **** 
 276:Src/main.c    ****   /* USER CODE END USART2_Init 2 */
 277:Src/main.c    **** 
 278:Src/main.c    **** }
 279:Src/main.c    **** 
 280:Src/main.c    **** /**
 281:Src/main.c    ****   * @brief GPIO Initialization Function
 282:Src/main.c    ****   * @param None
 283:Src/main.c    ****   * @retval None
 284:Src/main.c    ****   */
 285:Src/main.c    **** static void MX_GPIO_Init(void)
 286:Src/main.c    **** {
  26              		.loc 1 286 1 view -0
  27              		.cfi_startproc
  28              		@ args = 0, pretend = 0, frame = 32
  29              		@ frame_needed = 0, uses_anonymous_args = 0
  30 0000 30B5     		push	{r4, r5, lr}
  31              	.LCFI0:
  32              		.cfi_def_cfa_offset 12
  33              		.cfi_offset 4, -12
  34              		.cfi_offset 5, -8
  35              		.cfi_offset 14, -4
  36 0002 89B0     		sub	sp, sp, #36
  37              	.LCFI1:
  38              		.cfi_def_cfa_offset 48
 287:Src/main.c    ****   GPIO_InitTypeDef GPIO_InitStruct = {0};
  39              		.loc 1 287 3 view .LVU1
  40              		.loc 1 287 20 is_stmt 0 view .LVU2
  41 0004 1422     		movs	r2, #20
  42 0006 0021     		movs	r1, #0
  43 0008 03A8     		add	r0, sp, #12
  44 000a FFF7FEFF 		bl	memset
  45              	.LVL0:
 288:Src/main.c    **** 
 289:Src/main.c    ****   /* GPIO Ports Clock Enable */
 290:Src/main.c    ****   __HAL_RCC_GPIOB_CLK_ENABLE();
  46              		.loc 1 290 3 is_stmt 1 view .LVU3
  47              	.LBB2:
  48              		.loc 1 290 3 view .LVU4
  49              		.loc 1 290 3 view .LVU5
  50 000e 174B     		ldr	r3, .L2
  51 0010 5969     		ldr	r1, [r3, #20]
  52 0012 8020     		movs	r0, #128
  53 0014 C002     		lsls	r0, r0, #11
ARM GAS  C:\Users\joaov\AppData\Local\Temp\ccWPbwZi.s 			page 7


  54 0016 0143     		orrs	r1, r0
  55 0018 5961     		str	r1, [r3, #20]
  56              		.loc 1 290 3 view .LVU6
  57 001a 5A69     		ldr	r2, [r3, #20]
  58 001c 0240     		ands	r2, r0
  59 001e 0192     		str	r2, [sp, #4]
  60              		.loc 1 290 3 view .LVU7
  61 0020 019A     		ldr	r2, [sp, #4]
  62              	.LBE2:
  63              		.loc 1 290 3 view .LVU8
 291:Src/main.c    ****   __HAL_RCC_GPIOA_CLK_ENABLE();
  64              		.loc 1 291 3 view .LVU9
  65              	.LBB3:
  66              		.loc 1 291 3 view .LVU10
  67              		.loc 1 291 3 view .LVU11
  68 0022 5A69     		ldr	r2, [r3, #20]
  69 0024 8021     		movs	r1, #128
  70 0026 8902     		lsls	r1, r1, #10
  71 0028 0A43     		orrs	r2, r1
  72 002a 5A61     		str	r2, [r3, #20]
  73              		.loc 1 291 3 view .LVU12
  74 002c 5B69     		ldr	r3, [r3, #20]
  75 002e 0B40     		ands	r3, r1
  76 0030 0293     		str	r3, [sp, #8]
  77              		.loc 1 291 3 view .LVU13
  78 0032 029B     		ldr	r3, [sp, #8]
  79              	.LBE3:
  80              		.loc 1 291 3 view .LVU14
 292:Src/main.c    **** 
 293:Src/main.c    ****   /*Configure GPIO pin Output Level */
 294:Src/main.c    ****   HAL_GPIO_WritePin(BOARD_LED_GPIO_Port, BOARD_LED_Pin, GPIO_PIN_RESET);
  81              		.loc 1 294 3 view .LVU15
  82 0034 9025     		movs	r5, #144
  83 0036 ED05     		lsls	r5, r5, #23
  84 0038 0022     		movs	r2, #0
  85 003a 8021     		movs	r1, #128
  86 003c 2800     		movs	r0, r5
  87 003e FFF7FEFF 		bl	HAL_GPIO_WritePin
  88              	.LVL1:
 295:Src/main.c    **** 
 296:Src/main.c    ****   /*Configure GPIO pin : ENCODER_INPUT_Pin */
 297:Src/main.c    ****   GPIO_InitStruct.Pin = ENCODER_INPUT_Pin;
  89              		.loc 1 297 3 view .LVU16
  90              		.loc 1 297 23 is_stmt 0 view .LVU17
  91 0042 2023     		movs	r3, #32
  92 0044 0393     		str	r3, [sp, #12]
 298:Src/main.c    ****   GPIO_InitStruct.Mode = GPIO_MODE_INPUT;
  93              		.loc 1 298 3 is_stmt 1 view .LVU18
  94              		.loc 1 298 24 is_stmt 0 view .LVU19
  95 0046 0024     		movs	r4, #0
  96 0048 0494     		str	r4, [sp, #16]
 299:Src/main.c    ****   GPIO_InitStruct.Pull = GPIO_NOPULL;
  97              		.loc 1 299 3 is_stmt 1 view .LVU20
  98              		.loc 1 299 24 is_stmt 0 view .LVU21
  99 004a 0594     		str	r4, [sp, #20]
 300:Src/main.c    ****   HAL_GPIO_Init(ENCODER_INPUT_GPIO_Port, &GPIO_InitStruct);
 100              		.loc 1 300 3 is_stmt 1 view .LVU22
ARM GAS  C:\Users\joaov\AppData\Local\Temp\ccWPbwZi.s 			page 8


 101 004c 03A9     		add	r1, sp, #12
 102 004e 2800     		movs	r0, r5
 103 0050 FFF7FEFF 		bl	HAL_GPIO_Init
 104              	.LVL2:
 301:Src/main.c    **** 
 302:Src/main.c    ****   /*Configure GPIO pin : BOARD_LED_Pin */
 303:Src/main.c    ****   GPIO_InitStruct.Pin = BOARD_LED_Pin;
 105              		.loc 1 303 3 view .LVU23
 106              		.loc 1 303 23 is_stmt 0 view .LVU24
 107 0054 8023     		movs	r3, #128
 108 0056 0393     		str	r3, [sp, #12]
 304:Src/main.c    ****   GPIO_InitStruct.Mode = GPIO_MODE_OUTPUT_PP;
 109              		.loc 1 304 3 is_stmt 1 view .LVU25
 110              		.loc 1 304 24 is_stmt 0 view .LVU26
 111 0058 7F3B     		subs	r3, r3, #127
 112 005a 0493     		str	r3, [sp, #16]
 305:Src/main.c    ****   GPIO_InitStruct.Pull = GPIO_NOPULL;
 113              		.loc 1 305 3 is_stmt 1 view .LVU27
 114              		.loc 1 305 24 is_stmt 0 view .LVU28
 115 005c 0594     		str	r4, [sp, #20]
 306:Src/main.c    ****   GPIO_InitStruct.Speed = GPIO_SPEED_FREQ_LOW;
 116              		.loc 1 306 3 is_stmt 1 view .LVU29
 117              		.loc 1 306 25 is_stmt 0 view .LVU30
 118 005e 0694     		str	r4, [sp, #24]
 307:Src/main.c    ****   HAL_GPIO_Init(BOARD_LED_GPIO_Port, &GPIO_InitStruct);
 119              		.loc 1 307 3 is_stmt 1 view .LVU31
 120 0060 03A9     		add	r1, sp, #12
 121 0062 2800     		movs	r0, r5
 122 0064 FFF7FEFF 		bl	HAL_GPIO_Init
 123              	.LVL3:
 308:Src/main.c    **** 
 309:Src/main.c    **** }
 124              		.loc 1 309 1 is_stmt 0 view .LVU32
 125 0068 09B0     		add	sp, sp, #36
 126              		@ sp needed
 127 006a 30BD     		pop	{r4, r5, pc}
 128              	.L3:
 129              		.align	2
 130              	.L2:
 131 006c 00100240 		.word	1073876992
 132              		.cfi_endproc
 133              	.LFE45:
 135              		.section	.text.MX_ADC_Init,"ax",%progbits
 136              		.align	1
 137              		.syntax unified
 138              		.code	16
 139              		.thumb_func
 140              		.fpu softvfp
 142              	MX_ADC_Init:
 143              	.LFB42:
 162:Src/main.c    **** 
 144              		.loc 1 162 1 is_stmt 1 view -0
 145              		.cfi_startproc
 146              		@ args = 0, pretend = 0, frame = 16
 147              		@ frame_needed = 0, uses_anonymous_args = 0
 148 0000 30B5     		push	{r4, r5, lr}
 149              	.LCFI2:
ARM GAS  C:\Users\joaov\AppData\Local\Temp\ccWPbwZi.s 			page 9


 150              		.cfi_def_cfa_offset 12
 151              		.cfi_offset 4, -12
 152              		.cfi_offset 5, -8
 153              		.cfi_offset 14, -4
 154 0002 85B0     		sub	sp, sp, #20
 155              	.LCFI3:
 156              		.cfi_def_cfa_offset 32
 168:Src/main.c    **** 
 157              		.loc 1 168 3 view .LVU34
 168:Src/main.c    **** 
 158              		.loc 1 168 26 is_stmt 0 view .LVU35
 159 0004 0C22     		movs	r2, #12
 160 0006 0021     		movs	r1, #0
 161 0008 01A8     		add	r0, sp, #4
 162 000a FFF7FEFF 		bl	memset
 163              	.LVL4:
 175:Src/main.c    ****   hadc.Init.ClockPrescaler = ADC_CLOCK_ASYNC_DIV1;
 164              		.loc 1 175 3 is_stmt 1 view .LVU36
 175:Src/main.c    ****   hadc.Init.ClockPrescaler = ADC_CLOCK_ASYNC_DIV1;
 165              		.loc 1 175 17 is_stmt 0 view .LVU37
 166 000e 134C     		ldr	r4, .L5
 167 0010 134B     		ldr	r3, .L5+4
 168 0012 2360     		str	r3, [r4]
 176:Src/main.c    ****   hadc.Init.Resolution = ADC_RESOLUTION_12B;
 169              		.loc 1 176 3 is_stmt 1 view .LVU38
 176:Src/main.c    ****   hadc.Init.Resolution = ADC_RESOLUTION_12B;
 170              		.loc 1 176 28 is_stmt 0 view .LVU39
 171 0014 0025     		movs	r5, #0
 172 0016 6560     		str	r5, [r4, #4]
 177:Src/main.c    ****   hadc.Init.DataAlign = ADC_DATAALIGN_RIGHT;
 173              		.loc 1 177 3 is_stmt 1 view .LVU40
 177:Src/main.c    ****   hadc.Init.DataAlign = ADC_DATAALIGN_RIGHT;
 174              		.loc 1 177 24 is_stmt 0 view .LVU41
 175 0018 A560     		str	r5, [r4, #8]
 178:Src/main.c    ****   hadc.Init.ScanConvMode = ADC_SCAN_DIRECTION_FORWARD;
 176              		.loc 1 178 3 is_stmt 1 view .LVU42
 178:Src/main.c    ****   hadc.Init.ScanConvMode = ADC_SCAN_DIRECTION_FORWARD;
 177              		.loc 1 178 23 is_stmt 0 view .LVU43
 178 001a E560     		str	r5, [r4, #12]
 179:Src/main.c    ****   hadc.Init.EOCSelection = ADC_EOC_SINGLE_CONV;
 179              		.loc 1 179 3 is_stmt 1 view .LVU44
 179:Src/main.c    ****   hadc.Init.EOCSelection = ADC_EOC_SINGLE_CONV;
 180              		.loc 1 179 26 is_stmt 0 view .LVU45
 181 001c 0123     		movs	r3, #1
 182 001e 2361     		str	r3, [r4, #16]
 180:Src/main.c    ****   hadc.Init.LowPowerAutoWait = DISABLE;
 183              		.loc 1 180 3 is_stmt 1 view .LVU46
 180:Src/main.c    ****   hadc.Init.LowPowerAutoWait = DISABLE;
 184              		.loc 1 180 26 is_stmt 0 view .LVU47
 185 0020 0422     		movs	r2, #4
 186 0022 6261     		str	r2, [r4, #20]
 181:Src/main.c    ****   hadc.Init.LowPowerAutoPowerOff = DISABLE;
 187              		.loc 1 181 3 is_stmt 1 view .LVU48
 181:Src/main.c    ****   hadc.Init.LowPowerAutoPowerOff = DISABLE;
 188              		.loc 1 181 30 is_stmt 0 view .LVU49
 189 0024 2576     		strb	r5, [r4, #24]
 182:Src/main.c    ****   hadc.Init.ContinuousConvMode = DISABLE;
ARM GAS  C:\Users\joaov\AppData\Local\Temp\ccWPbwZi.s 			page 10


 190              		.loc 1 182 3 is_stmt 1 view .LVU50
 182:Src/main.c    ****   hadc.Init.ContinuousConvMode = DISABLE;
 191              		.loc 1 182 34 is_stmt 0 view .LVU51
 192 0026 6576     		strb	r5, [r4, #25]
 183:Src/main.c    ****   hadc.Init.DiscontinuousConvMode = DISABLE;
 193              		.loc 1 183 3 is_stmt 1 view .LVU52
 183:Src/main.c    ****   hadc.Init.DiscontinuousConvMode = DISABLE;
 194              		.loc 1 183 32 is_stmt 0 view .LVU53
 195 0028 A576     		strb	r5, [r4, #26]
 184:Src/main.c    ****   hadc.Init.ExternalTrigConv = ADC_SOFTWARE_START;
 196              		.loc 1 184 3 is_stmt 1 view .LVU54
 184:Src/main.c    ****   hadc.Init.ExternalTrigConv = ADC_SOFTWARE_START;
 197              		.loc 1 184 35 is_stmt 0 view .LVU55
 198 002a E576     		strb	r5, [r4, #27]
 185:Src/main.c    ****   hadc.Init.ExternalTrigConvEdge = ADC_EXTERNALTRIGCONVEDGE_NONE;
 199              		.loc 1 185 3 is_stmt 1 view .LVU56
 185:Src/main.c    ****   hadc.Init.ExternalTrigConvEdge = ADC_EXTERNALTRIGCONVEDGE_NONE;
 200              		.loc 1 185 30 is_stmt 0 view .LVU57
 201 002c C222     		movs	r2, #194
 202 002e FF32     		adds	r2, r2, #255
 203 0030 E261     		str	r2, [r4, #28]
 186:Src/main.c    ****   hadc.Init.DMAContinuousRequests = DISABLE;
 204              		.loc 1 186 3 is_stmt 1 view .LVU58
 186:Src/main.c    ****   hadc.Init.DMAContinuousRequests = DISABLE;
 205              		.loc 1 186 34 is_stmt 0 view .LVU59
 206 0032 2562     		str	r5, [r4, #32]
 187:Src/main.c    ****   hadc.Init.Overrun = ADC_OVR_DATA_PRESERVED;
 207              		.loc 1 187 3 is_stmt 1 view .LVU60
 187:Src/main.c    ****   hadc.Init.Overrun = ADC_OVR_DATA_PRESERVED;
 208              		.loc 1 187 35 is_stmt 0 view .LVU61
 209 0034 9E3A     		subs	r2, r2, #158
 210 0036 FF3A     		subs	r2, r2, #255
 211 0038 A554     		strb	r5, [r4, r2]
 188:Src/main.c    ****   if (HAL_ADC_Init(&hadc) != HAL_OK)
 212              		.loc 1 188 3 is_stmt 1 view .LVU62
 188:Src/main.c    ****   if (HAL_ADC_Init(&hadc) != HAL_OK)
 213              		.loc 1 188 21 is_stmt 0 view .LVU63
 214 003a A362     		str	r3, [r4, #40]
 189:Src/main.c    ****   {
 215              		.loc 1 189 3 is_stmt 1 view .LVU64
 189:Src/main.c    ****   {
 216              		.loc 1 189 7 is_stmt 0 view .LVU65
 217 003c 2000     		movs	r0, r4
 218 003e FFF7FEFF 		bl	HAL_ADC_Init
 219              	.LVL5:
 195:Src/main.c    ****   sConfig.Rank = ADC_RANK_CHANNEL_NUMBER;
 220              		.loc 1 195 3 is_stmt 1 view .LVU66
 195:Src/main.c    ****   sConfig.Rank = ADC_RANK_CHANNEL_NUMBER;
 221              		.loc 1 195 19 is_stmt 0 view .LVU67
 222 0042 0195     		str	r5, [sp, #4]
 196:Src/main.c    ****   sConfig.SamplingTime = ADC_SAMPLETIME_1CYCLE_5;
 223              		.loc 1 196 3 is_stmt 1 view .LVU68
 196:Src/main.c    ****   sConfig.SamplingTime = ADC_SAMPLETIME_1CYCLE_5;
 224              		.loc 1 196 16 is_stmt 0 view .LVU69
 225 0044 8023     		movs	r3, #128
 226 0046 5B01     		lsls	r3, r3, #5
 227 0048 0293     		str	r3, [sp, #8]
ARM GAS  C:\Users\joaov\AppData\Local\Temp\ccWPbwZi.s 			page 11


 197:Src/main.c    ****   if (HAL_ADC_ConfigChannel(&hadc, &sConfig) != HAL_OK)
 228              		.loc 1 197 3 is_stmt 1 view .LVU70
 197:Src/main.c    ****   if (HAL_ADC_ConfigChannel(&hadc, &sConfig) != HAL_OK)
 229              		.loc 1 197 24 is_stmt 0 view .LVU71
 230 004a 8023     		movs	r3, #128
 231 004c 5B05     		lsls	r3, r3, #21
 232 004e 0393     		str	r3, [sp, #12]
 198:Src/main.c    ****   {
 233              		.loc 1 198 3 is_stmt 1 view .LVU72
 198:Src/main.c    ****   {
 234              		.loc 1 198 7 is_stmt 0 view .LVU73
 235 0050 01A9     		add	r1, sp, #4
 236 0052 2000     		movs	r0, r4
 237 0054 FFF7FEFF 		bl	HAL_ADC_ConfigChannel
 238              	.LVL6:
 206:Src/main.c    **** 
 239              		.loc 1 206 1 view .LVU74
 240 0058 05B0     		add	sp, sp, #20
 241              		@ sp needed
 242 005a 30BD     		pop	{r4, r5, pc}
 243              	.L6:
 244              		.align	2
 245              	.L5:
 246 005c 00000000 		.word	hadc
 247 0060 00240140 		.word	1073816576
 248              		.cfi_endproc
 249              	.LFE42:
 251              		.section	.text.MX_CAN_Init,"ax",%progbits
 252              		.align	1
 253              		.syntax unified
 254              		.code	16
 255              		.thumb_func
 256              		.fpu softvfp
 258              	MX_CAN_Init:
 259              	.LFB43:
 214:Src/main.c    **** 
 260              		.loc 1 214 1 is_stmt 1 view -0
 261              		.cfi_startproc
 262              		@ args = 0, pretend = 0, frame = 0
 263              		@ frame_needed = 0, uses_anonymous_args = 0
 264 0000 10B5     		push	{r4, lr}
 265              	.LCFI4:
 266              		.cfi_def_cfa_offset 8
 267              		.cfi_offset 4, -8
 268              		.cfi_offset 14, -4
 223:Src/main.c    ****   hcan.Init.Prescaler = 16;
 269              		.loc 1 223 3 view .LVU76
 223:Src/main.c    ****   hcan.Init.Prescaler = 16;
 270              		.loc 1 223 17 is_stmt 0 view .LVU77
 271 0002 0948     		ldr	r0, .L8
 272 0004 094B     		ldr	r3, .L8+4
 273 0006 0360     		str	r3, [r0]
 224:Src/main.c    ****   hcan.Init.Mode = CAN_MODE_NORMAL;
 274              		.loc 1 224 3 is_stmt 1 view .LVU78
 224:Src/main.c    ****   hcan.Init.Mode = CAN_MODE_NORMAL;
 275              		.loc 1 224 23 is_stmt 0 view .LVU79
 276 0008 1023     		movs	r3, #16
ARM GAS  C:\Users\joaov\AppData\Local\Temp\ccWPbwZi.s 			page 12


 277 000a 4360     		str	r3, [r0, #4]
 225:Src/main.c    ****   hcan.Init.SyncJumpWidth = CAN_SJW_1TQ;
 278              		.loc 1 225 3 is_stmt 1 view .LVU80
 225:Src/main.c    ****   hcan.Init.SyncJumpWidth = CAN_SJW_1TQ;
 279              		.loc 1 225 18 is_stmt 0 view .LVU81
 280 000c 0023     		movs	r3, #0
 281 000e 8360     		str	r3, [r0, #8]
 226:Src/main.c    ****   hcan.Init.TimeSeg1 = CAN_BS1_1TQ;
 282              		.loc 1 226 3 is_stmt 1 view .LVU82
 226:Src/main.c    ****   hcan.Init.TimeSeg1 = CAN_BS1_1TQ;
 283              		.loc 1 226 27 is_stmt 0 view .LVU83
 284 0010 C360     		str	r3, [r0, #12]
 227:Src/main.c    ****   hcan.Init.TimeSeg2 = CAN_BS2_1TQ;
 285              		.loc 1 227 3 is_stmt 1 view .LVU84
 227:Src/main.c    ****   hcan.Init.TimeSeg2 = CAN_BS2_1TQ;
 286              		.loc 1 227 22 is_stmt 0 view .LVU85
 287 0012 0361     		str	r3, [r0, #16]
 228:Src/main.c    ****   hcan.Init.TimeTriggeredMode = DISABLE;
 288              		.loc 1 228 3 is_stmt 1 view .LVU86
 228:Src/main.c    ****   hcan.Init.TimeTriggeredMode = DISABLE;
 289              		.loc 1 228 22 is_stmt 0 view .LVU87
 290 0014 4361     		str	r3, [r0, #20]
 229:Src/main.c    ****   hcan.Init.AutoBusOff = DISABLE;
 291              		.loc 1 229 3 is_stmt 1 view .LVU88
 229:Src/main.c    ****   hcan.Init.AutoBusOff = DISABLE;
 292              		.loc 1 229 31 is_stmt 0 view .LVU89
 293 0016 0376     		strb	r3, [r0, #24]
 230:Src/main.c    ****   hcan.Init.AutoWakeUp = DISABLE;
 294              		.loc 1 230 3 is_stmt 1 view .LVU90
 230:Src/main.c    ****   hcan.Init.AutoWakeUp = DISABLE;
 295              		.loc 1 230 24 is_stmt 0 view .LVU91
 296 0018 4376     		strb	r3, [r0, #25]
 231:Src/main.c    ****   hcan.Init.AutoRetransmission = DISABLE;
 297              		.loc 1 231 3 is_stmt 1 view .LVU92
 231:Src/main.c    ****   hcan.Init.AutoRetransmission = DISABLE;
 298              		.loc 1 231 24 is_stmt 0 view .LVU93
 299 001a 8376     		strb	r3, [r0, #26]
 232:Src/main.c    ****   hcan.Init.ReceiveFifoLocked = DISABLE;
 300              		.loc 1 232 3 is_stmt 1 view .LVU94
 232:Src/main.c    ****   hcan.Init.ReceiveFifoLocked = DISABLE;
 301              		.loc 1 232 32 is_stmt 0 view .LVU95
 302 001c C376     		strb	r3, [r0, #27]
 233:Src/main.c    ****   hcan.Init.TransmitFifoPriority = DISABLE;
 303              		.loc 1 233 3 is_stmt 1 view .LVU96
 233:Src/main.c    ****   hcan.Init.TransmitFifoPriority = DISABLE;
 304              		.loc 1 233 31 is_stmt 0 view .LVU97
 305 001e 0377     		strb	r3, [r0, #28]
 234:Src/main.c    ****   if (HAL_CAN_Init(&hcan) != HAL_OK)
 306              		.loc 1 234 3 is_stmt 1 view .LVU98
 234:Src/main.c    ****   if (HAL_CAN_Init(&hcan) != HAL_OK)
 307              		.loc 1 234 34 is_stmt 0 view .LVU99
 308 0020 4377     		strb	r3, [r0, #29]
 235:Src/main.c    ****   {
 309              		.loc 1 235 3 is_stmt 1 view .LVU100
 235:Src/main.c    ****   {
 310              		.loc 1 235 7 is_stmt 0 view .LVU101
 311 0022 FFF7FEFF 		bl	HAL_CAN_Init
ARM GAS  C:\Users\joaov\AppData\Local\Temp\ccWPbwZi.s 			page 13


 312              	.LVL7:
 243:Src/main.c    **** 
 313              		.loc 1 243 1 view .LVU102
 314              		@ sp needed
 315 0026 10BD     		pop	{r4, pc}
 316              	.L9:
 317              		.align	2
 318              	.L8:
 319 0028 00000000 		.word	hcan
 320 002c 00640040 		.word	1073767424
 321              		.cfi_endproc
 322              	.LFE43:
 324              		.section	.text.MX_USART2_UART_Init,"ax",%progbits
 325              		.align	1
 326              		.syntax unified
 327              		.code	16
 328              		.thumb_func
 329              		.fpu softvfp
 331              	MX_USART2_UART_Init:
 332              	.LFB44:
 251:Src/main.c    **** 
 333              		.loc 1 251 1 is_stmt 1 view -0
 334              		.cfi_startproc
 335              		@ args = 0, pretend = 0, frame = 0
 336              		@ frame_needed = 0, uses_anonymous_args = 0
 337 0000 10B5     		push	{r4, lr}
 338              	.LCFI5:
 339              		.cfi_def_cfa_offset 8
 340              		.cfi_offset 4, -8
 341              		.cfi_offset 14, -4
 260:Src/main.c    ****   huart2.Init.BaudRate = 38400;
 342              		.loc 1 260 3 view .LVU104
 260:Src/main.c    ****   huart2.Init.BaudRate = 38400;
 343              		.loc 1 260 19 is_stmt 0 view .LVU105
 344 0002 0948     		ldr	r0, .L11
 345 0004 094B     		ldr	r3, .L11+4
 346 0006 0360     		str	r3, [r0]
 261:Src/main.c    ****   huart2.Init.WordLength = UART_WORDLENGTH_8B;
 347              		.loc 1 261 3 is_stmt 1 view .LVU106
 261:Src/main.c    ****   huart2.Init.WordLength = UART_WORDLENGTH_8B;
 348              		.loc 1 261 24 is_stmt 0 view .LVU107
 349 0008 9623     		movs	r3, #150
 350 000a 1B02     		lsls	r3, r3, #8
 351 000c 4360     		str	r3, [r0, #4]
 262:Src/main.c    ****   huart2.Init.StopBits = UART_STOPBITS_1;
 352              		.loc 1 262 3 is_stmt 1 view .LVU108
 262:Src/main.c    ****   huart2.Init.StopBits = UART_STOPBITS_1;
 353              		.loc 1 262 26 is_stmt 0 view .LVU109
 354 000e 0023     		movs	r3, #0
 355 0010 8360     		str	r3, [r0, #8]
 263:Src/main.c    ****   huart2.Init.Parity = UART_PARITY_NONE;
 356              		.loc 1 263 3 is_stmt 1 view .LVU110
 263:Src/main.c    ****   huart2.Init.Parity = UART_PARITY_NONE;
 357              		.loc 1 263 24 is_stmt 0 view .LVU111
 358 0012 C360     		str	r3, [r0, #12]
 264:Src/main.c    ****   huart2.Init.Mode = UART_MODE_TX_RX;
 359              		.loc 1 264 3 is_stmt 1 view .LVU112
ARM GAS  C:\Users\joaov\AppData\Local\Temp\ccWPbwZi.s 			page 14


 264:Src/main.c    ****   huart2.Init.Mode = UART_MODE_TX_RX;
 360              		.loc 1 264 22 is_stmt 0 view .LVU113
 361 0014 0361     		str	r3, [r0, #16]
 265:Src/main.c    ****   huart2.Init.HwFlowCtl = UART_HWCONTROL_NONE;
 362              		.loc 1 265 3 is_stmt 1 view .LVU114
 265:Src/main.c    ****   huart2.Init.HwFlowCtl = UART_HWCONTROL_NONE;
 363              		.loc 1 265 20 is_stmt 0 view .LVU115
 364 0016 0C22     		movs	r2, #12
 365 0018 4261     		str	r2, [r0, #20]
 266:Src/main.c    ****   huart2.Init.OverSampling = UART_OVERSAMPLING_16;
 366              		.loc 1 266 3 is_stmt 1 view .LVU116
 266:Src/main.c    ****   huart2.Init.OverSampling = UART_OVERSAMPLING_16;
 367              		.loc 1 266 25 is_stmt 0 view .LVU117
 368 001a 8361     		str	r3, [r0, #24]
 267:Src/main.c    ****   huart2.Init.OneBitSampling = UART_ONE_BIT_SAMPLE_DISABLE;
 369              		.loc 1 267 3 is_stmt 1 view .LVU118
 267:Src/main.c    ****   huart2.Init.OneBitSampling = UART_ONE_BIT_SAMPLE_DISABLE;
 370              		.loc 1 267 28 is_stmt 0 view .LVU119
 371 001c C361     		str	r3, [r0, #28]
 268:Src/main.c    ****   huart2.AdvancedInit.AdvFeatureInit = UART_ADVFEATURE_NO_INIT;
 372              		.loc 1 268 3 is_stmt 1 view .LVU120
 268:Src/main.c    ****   huart2.AdvancedInit.AdvFeatureInit = UART_ADVFEATURE_NO_INIT;
 373              		.loc 1 268 30 is_stmt 0 view .LVU121
 374 001e 0362     		str	r3, [r0, #32]
 269:Src/main.c    ****   if (HAL_UART_Init(&huart2) != HAL_OK)
 375              		.loc 1 269 3 is_stmt 1 view .LVU122
 269:Src/main.c    ****   if (HAL_UART_Init(&huart2) != HAL_OK)
 376              		.loc 1 269 38 is_stmt 0 view .LVU123
 377 0020 4362     		str	r3, [r0, #36]
 270:Src/main.c    ****   {
 378              		.loc 1 270 3 is_stmt 1 view .LVU124
 270:Src/main.c    ****   {
 379              		.loc 1 270 7 is_stmt 0 view .LVU125
 380 0022 FFF7FEFF 		bl	HAL_UART_Init
 381              	.LVL8:
 278:Src/main.c    **** 
 382              		.loc 1 278 1 view .LVU126
 383              		@ sp needed
 384 0026 10BD     		pop	{r4, pc}
 385              	.L12:
 386              		.align	2
 387              	.L11:
 388 0028 00000000 		.word	huart2
 389 002c 00440040 		.word	1073759232
 390              		.cfi_endproc
 391              	.LFE44:
 393              		.section	.text.SystemClock_Config,"ax",%progbits
 394              		.align	1
 395              		.global	SystemClock_Config
 396              		.syntax unified
 397              		.code	16
 398              		.thumb_func
 399              		.fpu softvfp
 401              	SystemClock_Config:
 402              	.LFB41:
 126:Src/main.c    ****   RCC_OscInitTypeDef RCC_OscInitStruct = {0};
 403              		.loc 1 126 1 is_stmt 1 view -0
ARM GAS  C:\Users\joaov\AppData\Local\Temp\ccWPbwZi.s 			page 15


 404              		.cfi_startproc
 405              		@ args = 0, pretend = 0, frame = 72
 406              		@ frame_needed = 0, uses_anonymous_args = 0
 407 0000 10B5     		push	{r4, lr}
 408              	.LCFI6:
 409              		.cfi_def_cfa_offset 8
 410              		.cfi_offset 4, -8
 411              		.cfi_offset 14, -4
 412 0002 92B0     		sub	sp, sp, #72
 413              	.LCFI7:
 414              		.cfi_def_cfa_offset 80
 127:Src/main.c    ****   RCC_ClkInitTypeDef RCC_ClkInitStruct = {0};
 415              		.loc 1 127 3 view .LVU128
 127:Src/main.c    ****   RCC_ClkInitTypeDef RCC_ClkInitStruct = {0};
 416              		.loc 1 127 22 is_stmt 0 view .LVU129
 417 0004 3022     		movs	r2, #48
 418 0006 0021     		movs	r1, #0
 419 0008 06A8     		add	r0, sp, #24
 420 000a FFF7FEFF 		bl	memset
 421              	.LVL9:
 128:Src/main.c    **** 
 422              		.loc 1 128 3 is_stmt 1 view .LVU130
 128:Src/main.c    **** 
 423              		.loc 1 128 22 is_stmt 0 view .LVU131
 424 000e 1024     		movs	r4, #16
 425 0010 1022     		movs	r2, #16
 426 0012 0021     		movs	r1, #0
 427 0014 01A8     		add	r0, sp, #4
 428 0016 FFF7FEFF 		bl	memset
 429              	.LVL10:
 132:Src/main.c    ****   RCC_OscInitStruct.HSIState = RCC_HSI_ON;
 430              		.loc 1 132 3 is_stmt 1 view .LVU132
 132:Src/main.c    ****   RCC_OscInitStruct.HSIState = RCC_HSI_ON;
 431              		.loc 1 132 36 is_stmt 0 view .LVU133
 432 001a 1223     		movs	r3, #18
 433 001c 0593     		str	r3, [sp, #20]
 133:Src/main.c    ****   RCC_OscInitStruct.HSI14State = RCC_HSI14_ON;
 434              		.loc 1 133 3 is_stmt 1 view .LVU134
 133:Src/main.c    ****   RCC_OscInitStruct.HSI14State = RCC_HSI14_ON;
 435              		.loc 1 133 30 is_stmt 0 view .LVU135
 436 001e 113B     		subs	r3, r3, #17
 437 0020 0893     		str	r3, [sp, #32]
 134:Src/main.c    ****   RCC_OscInitStruct.HSICalibrationValue = RCC_HSICALIBRATION_DEFAULT;
 438              		.loc 1 134 3 is_stmt 1 view .LVU136
 134:Src/main.c    ****   RCC_OscInitStruct.HSICalibrationValue = RCC_HSICALIBRATION_DEFAULT;
 439              		.loc 1 134 32 is_stmt 0 view .LVU137
 440 0022 0A93     		str	r3, [sp, #40]
 135:Src/main.c    ****   RCC_OscInitStruct.HSI14CalibrationValue = 16;
 441              		.loc 1 135 3 is_stmt 1 view .LVU138
 135:Src/main.c    ****   RCC_OscInitStruct.HSI14CalibrationValue = 16;
 442              		.loc 1 135 41 is_stmt 0 view .LVU139
 443 0024 0994     		str	r4, [sp, #36]
 136:Src/main.c    ****   RCC_OscInitStruct.PLL.PLLState = RCC_PLL_NONE;
 444              		.loc 1 136 3 is_stmt 1 view .LVU140
 136:Src/main.c    ****   RCC_OscInitStruct.PLL.PLLState = RCC_PLL_NONE;
 445              		.loc 1 136 43 is_stmt 0 view .LVU141
 446 0026 0B94     		str	r4, [sp, #44]
ARM GAS  C:\Users\joaov\AppData\Local\Temp\ccWPbwZi.s 			page 16


 137:Src/main.c    ****   if (HAL_RCC_OscConfig(&RCC_OscInitStruct) != HAL_OK)
 447              		.loc 1 137 3 is_stmt 1 view .LVU142
 137:Src/main.c    ****   if (HAL_RCC_OscConfig(&RCC_OscInitStruct) != HAL_OK)
 448              		.loc 1 137 34 is_stmt 0 view .LVU143
 449 0028 0024     		movs	r4, #0
 138:Src/main.c    ****   {
 450              		.loc 1 138 3 is_stmt 1 view .LVU144
 138:Src/main.c    ****   {
 451              		.loc 1 138 7 is_stmt 0 view .LVU145
 452 002a 05A8     		add	r0, sp, #20
 453 002c FFF7FEFF 		bl	HAL_RCC_OscConfig
 454              	.LVL11:
 144:Src/main.c    ****                               |RCC_CLOCKTYPE_PCLK1;
 455              		.loc 1 144 3 is_stmt 1 view .LVU146
 144:Src/main.c    ****                               |RCC_CLOCKTYPE_PCLK1;
 456              		.loc 1 144 31 is_stmt 0 view .LVU147
 457 0030 0723     		movs	r3, #7
 458 0032 0193     		str	r3, [sp, #4]
 146:Src/main.c    ****   RCC_ClkInitStruct.AHBCLKDivider = RCC_SYSCLK_DIV1;
 459              		.loc 1 146 3 is_stmt 1 view .LVU148
 146:Src/main.c    ****   RCC_ClkInitStruct.AHBCLKDivider = RCC_SYSCLK_DIV1;
 460              		.loc 1 146 34 is_stmt 0 view .LVU149
 461 0034 0294     		str	r4, [sp, #8]
 147:Src/main.c    ****   RCC_ClkInitStruct.APB1CLKDivider = RCC_HCLK_DIV1;
 462              		.loc 1 147 3 is_stmt 1 view .LVU150
 147:Src/main.c    ****   RCC_ClkInitStruct.APB1CLKDivider = RCC_HCLK_DIV1;
 463              		.loc 1 147 35 is_stmt 0 view .LVU151
 464 0036 0394     		str	r4, [sp, #12]
 148:Src/main.c    **** 
 465              		.loc 1 148 3 is_stmt 1 view .LVU152
 148:Src/main.c    **** 
 466              		.loc 1 148 36 is_stmt 0 view .LVU153
 467 0038 0494     		str	r4, [sp, #16]
 150:Src/main.c    ****   {
 468              		.loc 1 150 3 is_stmt 1 view .LVU154
 150:Src/main.c    ****   {
 469              		.loc 1 150 7 is_stmt 0 view .LVU155
 470 003a 0021     		movs	r1, #0
 471 003c 01A8     		add	r0, sp, #4
 472 003e FFF7FEFF 		bl	HAL_RCC_ClockConfig
 473              	.LVL12:
 154:Src/main.c    **** 
 474              		.loc 1 154 1 view .LVU156
 475 0042 12B0     		add	sp, sp, #72
 476              		@ sp needed
 477 0044 10BD     		pop	{r4, pc}
 478              		.cfi_endproc
 479              	.LFE41:
 481              		.section	.text.main,"ax",%progbits
 482              		.align	1
 483              		.global	main
 484              		.syntax unified
 485              		.code	16
 486              		.thumb_func
 487              		.fpu softvfp
 489              	main:
 490              	.LFB40:
ARM GAS  C:\Users\joaov\AppData\Local\Temp\ccWPbwZi.s 			page 17


  74:Src/main.c    ****   /* USER CODE BEGIN 1 */
 491              		.loc 1 74 1 is_stmt 1 view -0
 492              		.cfi_startproc
 493              		@ Volatile: function does not return.
 494              		@ args = 0, pretend = 0, frame = 0
 495              		@ frame_needed = 0, uses_anonymous_args = 0
 496 0000 10B5     		push	{r4, lr}
 497              	.LCFI8:
 498              		.cfi_def_cfa_offset 8
 499              		.cfi_offset 4, -8
 500              		.cfi_offset 14, -4
  83:Src/main.c    **** 
 501              		.loc 1 83 3 view .LVU158
 502 0002 FFF7FEFF 		bl	HAL_Init
 503              	.LVL13:
  90:Src/main.c    **** 
 504              		.loc 1 90 3 view .LVU159
 505 0006 FFF7FEFF 		bl	SystemClock_Config
 506              	.LVL14:
  97:Src/main.c    ****   MX_ADC_Init();
 507              		.loc 1 97 3 view .LVU160
 508 000a FFF7FEFF 		bl	MX_GPIO_Init
 509              	.LVL15:
  98:Src/main.c    ****   MX_CAN_Init();
 510              		.loc 1 98 3 view .LVU161
 511 000e FFF7FEFF 		bl	MX_ADC_Init
 512              	.LVL16:
  99:Src/main.c    ****   MX_USART2_UART_Init();
 513              		.loc 1 99 3 view .LVU162
 514 0012 FFF7FEFF 		bl	MX_CAN_Init
 515              	.LVL17:
 100:Src/main.c    ****   /* USER CODE BEGIN 2 */
 516              		.loc 1 100 3 view .LVU163
 517 0016 FFF7FEFF 		bl	MX_USART2_UART_Init
 518              	.LVL18:
 519              	.L15:
 107:Src/main.c    ****   {
 520              		.loc 1 107 3 discriminator 1 view .LVU164
 115:Src/main.c    ****     HAL_Delay(3000);
 521              		.loc 1 115 5 discriminator 1 view .LVU165
 522 001a 9020     		movs	r0, #144
 523 001c 8021     		movs	r1, #128
 524 001e C005     		lsls	r0, r0, #23
 525 0020 FFF7FEFF 		bl	HAL_GPIO_TogglePin
 526              	.LVL19:
 116:Src/main.c    ****   }
 527              		.loc 1 116 5 discriminator 1 view .LVU166
 528 0024 0148     		ldr	r0, .L16
 529 0026 FFF7FEFF 		bl	HAL_Delay
 530              	.LVL20:
 107:Src/main.c    ****   {
 531              		.loc 1 107 9 discriminator 1 view .LVU167
 532 002a F6E7     		b	.L15
 533              	.L17:
 534              		.align	2
 535              	.L16:
 536 002c B80B0000 		.word	3000
ARM GAS  C:\Users\joaov\AppData\Local\Temp\ccWPbwZi.s 			page 18


 537              		.cfi_endproc
 538              	.LFE40:
 540              		.section	.text.Error_Handler,"ax",%progbits
 541              		.align	1
 542              		.global	Error_Handler
 543              		.syntax unified
 544              		.code	16
 545              		.thumb_func
 546              		.fpu softvfp
 548              	Error_Handler:
 549              	.LFB46:
 310:Src/main.c    **** 
 311:Src/main.c    **** /* USER CODE BEGIN 4 */
 312:Src/main.c    **** 
 313:Src/main.c    **** /* USER CODE END 4 */
 314:Src/main.c    **** 
 315:Src/main.c    **** /**
 316:Src/main.c    ****   * @brief  This function is executed in case of error occurrence.
 317:Src/main.c    ****   * @retval None
 318:Src/main.c    ****   */
 319:Src/main.c    **** void Error_Handler(void)
 320:Src/main.c    **** {
 550              		.loc 1 320 1 view -0
 551              		.cfi_startproc
 552              		@ args = 0, pretend = 0, frame = 0
 553              		@ frame_needed = 0, uses_anonymous_args = 0
 554              		@ link register save eliminated.
 321:Src/main.c    ****   /* USER CODE BEGIN Error_Handler_Debug */
 322:Src/main.c    ****   /* User can add his own implementation to report the HAL error return state */
 323:Src/main.c    **** 
 324:Src/main.c    ****   /* USER CODE END Error_Handler_Debug */
 325:Src/main.c    **** }
 555              		.loc 1 325 1 view .LVU169
 556              		@ sp needed
 557 0000 7047     		bx	lr
 558              		.cfi_endproc
 559              	.LFE46:
 561              		.comm	huart2,128,4
 562              		.comm	hcan,40,4
 563              		.comm	hadc,64,4
 564              		.text
 565              	.Letext0:
 566              		.file 2 "d:\\gnu tools arm embedded\\9 2019-q4-major\\arm-none-eabi\\include\\machine\\_default_ty
 567              		.file 3 "d:\\gnu tools arm embedded\\9 2019-q4-major\\arm-none-eabi\\include\\sys\\_stdint.h"
 568              		.file 4 "Drivers/CMSIS/Device/ST/STM32F0xx/Include/system_stm32f0xx.h"
 569              		.file 5 "Drivers/CMSIS/Device/ST/STM32F0xx/Include/stm32f042x6.h"
 570              		.file 6 "Drivers/CMSIS/Device/ST/STM32F0xx/Include/stm32f0xx.h"
 571              		.file 7 "Drivers/STM32F0xx_HAL_Driver/Inc/stm32f0xx_hal_def.h"
 572              		.file 8 "Drivers/STM32F0xx_HAL_Driver/Inc/stm32f0xx_hal_rcc.h"
 573              		.file 9 "Drivers/STM32F0xx_HAL_Driver/Inc/stm32f0xx_hal_gpio.h"
 574              		.file 10 "Drivers/STM32F0xx_HAL_Driver/Inc/stm32f0xx_hal_dma.h"
 575              		.file 11 "Drivers/STM32F0xx_HAL_Driver/Inc/stm32f0xx_hal_adc.h"
 576              		.file 12 "Drivers/STM32F0xx_HAL_Driver/Inc/stm32f0xx_hal_can.h"
 577              		.file 13 "Drivers/STM32F0xx_HAL_Driver/Inc/stm32f0xx_hal_uart.h"
 578              		.file 14 "Drivers/STM32F0xx_HAL_Driver/Inc/stm32f0xx_hal.h"
 579              		.file 15 "<built-in>"
ARM GAS  C:\Users\joaov\AppData\Local\Temp\ccWPbwZi.s 			page 19


DEFINED SYMBOLS
                            *ABS*:00000000 main.c
C:\Users\joaov\AppData\Local\Temp\ccWPbwZi.s:16     .text.MX_GPIO_Init:00000000 $t
C:\Users\joaov\AppData\Local\Temp\ccWPbwZi.s:23     .text.MX_GPIO_Init:00000000 MX_GPIO_Init
C:\Users\joaov\AppData\Local\Temp\ccWPbwZi.s:131    .text.MX_GPIO_Init:0000006c $d
C:\Users\joaov\AppData\Local\Temp\ccWPbwZi.s:136    .text.MX_ADC_Init:00000000 $t
C:\Users\joaov\AppData\Local\Temp\ccWPbwZi.s:142    .text.MX_ADC_Init:00000000 MX_ADC_Init
C:\Users\joaov\AppData\Local\Temp\ccWPbwZi.s:246    .text.MX_ADC_Init:0000005c $d
                            *COM*:00000040 hadc
C:\Users\joaov\AppData\Local\Temp\ccWPbwZi.s:252    .text.MX_CAN_Init:00000000 $t
C:\Users\joaov\AppData\Local\Temp\ccWPbwZi.s:258    .text.MX_CAN_Init:00000000 MX_CAN_Init
C:\Users\joaov\AppData\Local\Temp\ccWPbwZi.s:319    .text.MX_CAN_Init:00000028 $d
                            *COM*:00000028 hcan
C:\Users\joaov\AppData\Local\Temp\ccWPbwZi.s:325    .text.MX_USART2_UART_Init:00000000 $t
C:\Users\joaov\AppData\Local\Temp\ccWPbwZi.s:331    .text.MX_USART2_UART_Init:00000000 MX_USART2_UART_Init
C:\Users\joaov\AppData\Local\Temp\ccWPbwZi.s:388    .text.MX_USART2_UART_Init:00000028 $d
                            *COM*:00000080 huart2
C:\Users\joaov\AppData\Local\Temp\ccWPbwZi.s:394    .text.SystemClock_Config:00000000 $t
C:\Users\joaov\AppData\Local\Temp\ccWPbwZi.s:401    .text.SystemClock_Config:00000000 SystemClock_Config
C:\Users\joaov\AppData\Local\Temp\ccWPbwZi.s:482    .text.main:00000000 $t
C:\Users\joaov\AppData\Local\Temp\ccWPbwZi.s:489    .text.main:00000000 main
C:\Users\joaov\AppData\Local\Temp\ccWPbwZi.s:536    .text.main:0000002c $d
C:\Users\joaov\AppData\Local\Temp\ccWPbwZi.s:541    .text.Error_Handler:00000000 $t
C:\Users\joaov\AppData\Local\Temp\ccWPbwZi.s:548    .text.Error_Handler:00000000 Error_Handler

UNDEFINED SYMBOLS
memset
HAL_GPIO_WritePin
HAL_GPIO_Init
HAL_ADC_Init
HAL_ADC_ConfigChannel
HAL_CAN_Init
HAL_UART_Init
HAL_RCC_OscConfig
HAL_RCC_ClockConfig
HAL_Init
HAL_GPIO_TogglePin
HAL_Delay
