ARM GAS  C:\Users\joaov\AppData\Local\Temp\cc8J6k7e.s 			page 1


   1              		.cpu cortex-m0
   2              		.eabi_attribute 20, 1
   3              		.eabi_attribute 21, 1
   4              		.eabi_attribute 23, 3
   5              		.eabi_attribute 24, 1
   6              		.eabi_attribute 25, 1
   7              		.eabi_attribute 26, 1
   8              		.eabi_attribute 30, 1
   9              		.eabi_attribute 34, 0
  10              		.eabi_attribute 18, 4
  11              		.file	"stm32f0xx_hal_msp.c"
  12              		.text
  13              	.Ltext0:
  14              		.cfi_sections	.debug_frame
  15              		.section	.text.HAL_MspInit,"ax",%progbits
  16              		.align	1
  17              		.global	HAL_MspInit
  18              		.arch armv6s-m
  19              		.syntax unified
  20              		.code	16
  21              		.thumb_func
  22              		.fpu softvfp
  24              	HAL_MspInit:
  25              	.LFB40:
  26              		.file 1 "Src/stm32f0xx_hal_msp.c"
   1:Src/stm32f0xx_hal_msp.c **** /* USER CODE BEGIN Header */
   2:Src/stm32f0xx_hal_msp.c **** /**
   3:Src/stm32f0xx_hal_msp.c ****   ******************************************************************************
   4:Src/stm32f0xx_hal_msp.c ****   * File Name          : stm32f0xx_hal_msp.c
   5:Src/stm32f0xx_hal_msp.c ****   * Description        : This file provides code for the MSP Initialization 
   6:Src/stm32f0xx_hal_msp.c ****   *                      and de-Initialization codes.
   7:Src/stm32f0xx_hal_msp.c ****   ******************************************************************************
   8:Src/stm32f0xx_hal_msp.c ****   * @attention
   9:Src/stm32f0xx_hal_msp.c ****   *
  10:Src/stm32f0xx_hal_msp.c ****   * <h2><center>&copy; Copyright (c) 2019 STMicroelectronics.
  11:Src/stm32f0xx_hal_msp.c ****   * All rights reserved.</center></h2>
  12:Src/stm32f0xx_hal_msp.c ****   *
  13:Src/stm32f0xx_hal_msp.c ****   * This software component is licensed by ST under BSD 3-Clause license,
  14:Src/stm32f0xx_hal_msp.c ****   * the "License"; You may not use this file except in compliance with the
  15:Src/stm32f0xx_hal_msp.c ****   * License. You may obtain a copy of the License at:
  16:Src/stm32f0xx_hal_msp.c ****   *                        opensource.org/licenses/BSD-3-Clause
  17:Src/stm32f0xx_hal_msp.c ****   *
  18:Src/stm32f0xx_hal_msp.c ****   ******************************************************************************
  19:Src/stm32f0xx_hal_msp.c ****   */
  20:Src/stm32f0xx_hal_msp.c **** /* USER CODE END Header */
  21:Src/stm32f0xx_hal_msp.c **** 
  22:Src/stm32f0xx_hal_msp.c **** /* Includes ------------------------------------------------------------------*/
  23:Src/stm32f0xx_hal_msp.c **** #include "main.h"
  24:Src/stm32f0xx_hal_msp.c **** /* USER CODE BEGIN Includes */
  25:Src/stm32f0xx_hal_msp.c **** 
  26:Src/stm32f0xx_hal_msp.c **** /* USER CODE END Includes */
  27:Src/stm32f0xx_hal_msp.c **** 
  28:Src/stm32f0xx_hal_msp.c **** /* Private typedef -----------------------------------------------------------*/
  29:Src/stm32f0xx_hal_msp.c **** /* USER CODE BEGIN TD */
  30:Src/stm32f0xx_hal_msp.c **** 
  31:Src/stm32f0xx_hal_msp.c **** /* USER CODE END TD */
  32:Src/stm32f0xx_hal_msp.c **** 
ARM GAS  C:\Users\joaov\AppData\Local\Temp\cc8J6k7e.s 			page 2


  33:Src/stm32f0xx_hal_msp.c **** /* Private define ------------------------------------------------------------*/
  34:Src/stm32f0xx_hal_msp.c **** /* USER CODE BEGIN Define */
  35:Src/stm32f0xx_hal_msp.c ****  
  36:Src/stm32f0xx_hal_msp.c **** /* USER CODE END Define */
  37:Src/stm32f0xx_hal_msp.c **** 
  38:Src/stm32f0xx_hal_msp.c **** /* Private macro -------------------------------------------------------------*/
  39:Src/stm32f0xx_hal_msp.c **** /* USER CODE BEGIN Macro */
  40:Src/stm32f0xx_hal_msp.c **** 
  41:Src/stm32f0xx_hal_msp.c **** /* USER CODE END Macro */
  42:Src/stm32f0xx_hal_msp.c **** 
  43:Src/stm32f0xx_hal_msp.c **** /* Private variables ---------------------------------------------------------*/
  44:Src/stm32f0xx_hal_msp.c **** /* USER CODE BEGIN PV */
  45:Src/stm32f0xx_hal_msp.c **** 
  46:Src/stm32f0xx_hal_msp.c **** /* USER CODE END PV */
  47:Src/stm32f0xx_hal_msp.c **** 
  48:Src/stm32f0xx_hal_msp.c **** /* Private function prototypes -----------------------------------------------*/
  49:Src/stm32f0xx_hal_msp.c **** /* USER CODE BEGIN PFP */
  50:Src/stm32f0xx_hal_msp.c **** 
  51:Src/stm32f0xx_hal_msp.c **** /* USER CODE END PFP */
  52:Src/stm32f0xx_hal_msp.c **** 
  53:Src/stm32f0xx_hal_msp.c **** /* External functions --------------------------------------------------------*/
  54:Src/stm32f0xx_hal_msp.c **** /* USER CODE BEGIN ExternalFunctions */
  55:Src/stm32f0xx_hal_msp.c **** 
  56:Src/stm32f0xx_hal_msp.c **** /* USER CODE END ExternalFunctions */
  57:Src/stm32f0xx_hal_msp.c **** 
  58:Src/stm32f0xx_hal_msp.c **** /* USER CODE BEGIN 0 */
  59:Src/stm32f0xx_hal_msp.c **** 
  60:Src/stm32f0xx_hal_msp.c **** /* USER CODE END 0 */
  61:Src/stm32f0xx_hal_msp.c **** /**
  62:Src/stm32f0xx_hal_msp.c ****   * Initializes the Global MSP.
  63:Src/stm32f0xx_hal_msp.c ****   */
  64:Src/stm32f0xx_hal_msp.c **** void HAL_MspInit(void)
  65:Src/stm32f0xx_hal_msp.c **** {
  27              		.loc 1 65 1 view -0
  28              		.cfi_startproc
  29              		@ args = 0, pretend = 0, frame = 8
  30              		@ frame_needed = 0, uses_anonymous_args = 0
  31              		@ link register save eliminated.
  32 0000 82B0     		sub	sp, sp, #8
  33              	.LCFI0:
  34              		.cfi_def_cfa_offset 8
  66:Src/stm32f0xx_hal_msp.c ****   /* USER CODE BEGIN MspInit 0 */
  67:Src/stm32f0xx_hal_msp.c **** 
  68:Src/stm32f0xx_hal_msp.c ****   /* USER CODE END MspInit 0 */
  69:Src/stm32f0xx_hal_msp.c **** 
  70:Src/stm32f0xx_hal_msp.c ****   __HAL_RCC_SYSCFG_CLK_ENABLE();
  35              		.loc 1 70 3 view .LVU1
  36              	.LBB2:
  37              		.loc 1 70 3 view .LVU2
  38              		.loc 1 70 3 view .LVU3
  39 0002 0C4B     		ldr	r3, .L2
  40 0004 9969     		ldr	r1, [r3, #24]
  41 0006 0122     		movs	r2, #1
  42 0008 1143     		orrs	r1, r2
  43 000a 9961     		str	r1, [r3, #24]
  44              		.loc 1 70 3 view .LVU4
  45 000c 9969     		ldr	r1, [r3, #24]
ARM GAS  C:\Users\joaov\AppData\Local\Temp\cc8J6k7e.s 			page 3


  46 000e 0A40     		ands	r2, r1
  47 0010 0092     		str	r2, [sp]
  48              		.loc 1 70 3 view .LVU5
  49 0012 009A     		ldr	r2, [sp]
  50              	.LBE2:
  51              		.loc 1 70 3 view .LVU6
  71:Src/stm32f0xx_hal_msp.c ****   __HAL_RCC_PWR_CLK_ENABLE();
  52              		.loc 1 71 3 view .LVU7
  53              	.LBB3:
  54              		.loc 1 71 3 view .LVU8
  55              		.loc 1 71 3 view .LVU9
  56 0014 DA69     		ldr	r2, [r3, #28]
  57 0016 8021     		movs	r1, #128
  58 0018 4905     		lsls	r1, r1, #21
  59 001a 0A43     		orrs	r2, r1
  60 001c DA61     		str	r2, [r3, #28]
  61              		.loc 1 71 3 view .LVU10
  62 001e DB69     		ldr	r3, [r3, #28]
  63 0020 0B40     		ands	r3, r1
  64 0022 0193     		str	r3, [sp, #4]
  65              		.loc 1 71 3 view .LVU11
  66 0024 019B     		ldr	r3, [sp, #4]
  67              	.LBE3:
  68              		.loc 1 71 3 view .LVU12
  72:Src/stm32f0xx_hal_msp.c **** 
  73:Src/stm32f0xx_hal_msp.c ****   /* System interrupt init*/
  74:Src/stm32f0xx_hal_msp.c **** 
  75:Src/stm32f0xx_hal_msp.c ****   __HAL_REMAP_PIN_ENABLE(HAL_REMAP_PA11_PA12);
  69              		.loc 1 75 3 view .LVU13
  70              		.loc 1 75 3 view .LVU14
  71              		.loc 1 75 3 view .LVU15
  72 0026 044A     		ldr	r2, .L2+4
  73 0028 1368     		ldr	r3, [r2]
  74 002a 1021     		movs	r1, #16
  75 002c 0B43     		orrs	r3, r1
  76 002e 1360     		str	r3, [r2]
  77              		.loc 1 75 3 view .LVU16
  76:Src/stm32f0xx_hal_msp.c **** 
  77:Src/stm32f0xx_hal_msp.c ****   /* USER CODE BEGIN MspInit 1 */
  78:Src/stm32f0xx_hal_msp.c **** 
  79:Src/stm32f0xx_hal_msp.c ****   /* USER CODE END MspInit 1 */
  80:Src/stm32f0xx_hal_msp.c **** }
  78              		.loc 1 80 1 is_stmt 0 view .LVU17
  79 0030 02B0     		add	sp, sp, #8
  80              		@ sp needed
  81 0032 7047     		bx	lr
  82              	.L3:
  83              		.align	2
  84              	.L2:
  85 0034 00100240 		.word	1073876992
  86 0038 00000140 		.word	1073807360
  87              		.cfi_endproc
  88              	.LFE40:
  90              		.section	.text.HAL_ADC_MspInit,"ax",%progbits
  91              		.align	1
  92              		.global	HAL_ADC_MspInit
  93              		.syntax unified
ARM GAS  C:\Users\joaov\AppData\Local\Temp\cc8J6k7e.s 			page 4


  94              		.code	16
  95              		.thumb_func
  96              		.fpu softvfp
  98              	HAL_ADC_MspInit:
  99              	.LVL0:
 100              	.LFB41:
  81:Src/stm32f0xx_hal_msp.c **** 
  82:Src/stm32f0xx_hal_msp.c **** /**
  83:Src/stm32f0xx_hal_msp.c **** * @brief ADC MSP Initialization
  84:Src/stm32f0xx_hal_msp.c **** * This function configures the hardware resources used in this example
  85:Src/stm32f0xx_hal_msp.c **** * @param hadc: ADC handle pointer
  86:Src/stm32f0xx_hal_msp.c **** * @retval None
  87:Src/stm32f0xx_hal_msp.c **** */
  88:Src/stm32f0xx_hal_msp.c **** void HAL_ADC_MspInit(ADC_HandleTypeDef* hadc)
  89:Src/stm32f0xx_hal_msp.c **** {
 101              		.loc 1 89 1 is_stmt 1 view -0
 102              		.cfi_startproc
 103              		@ args = 0, pretend = 0, frame = 32
 104              		@ frame_needed = 0, uses_anonymous_args = 0
 105              		.loc 1 89 1 is_stmt 0 view .LVU19
 106 0000 10B5     		push	{r4, lr}
 107              	.LCFI1:
 108              		.cfi_def_cfa_offset 8
 109              		.cfi_offset 4, -8
 110              		.cfi_offset 14, -4
 111 0002 88B0     		sub	sp, sp, #32
 112              	.LCFI2:
 113              		.cfi_def_cfa_offset 40
 114 0004 0400     		movs	r4, r0
  90:Src/stm32f0xx_hal_msp.c ****   GPIO_InitTypeDef GPIO_InitStruct = {0};
 115              		.loc 1 90 3 is_stmt 1 view .LVU20
 116              		.loc 1 90 20 is_stmt 0 view .LVU21
 117 0006 1422     		movs	r2, #20
 118 0008 0021     		movs	r1, #0
 119 000a 03A8     		add	r0, sp, #12
 120              	.LVL1:
 121              		.loc 1 90 20 view .LVU22
 122 000c FFF7FEFF 		bl	memset
 123              	.LVL2:
  91:Src/stm32f0xx_hal_msp.c ****   if(hadc->Instance==ADC1)
 124              		.loc 1 91 3 is_stmt 1 view .LVU23
 125              		.loc 1 91 10 is_stmt 0 view .LVU24
 126 0010 2268     		ldr	r2, [r4]
 127              		.loc 1 91 5 view .LVU25
 128 0012 124B     		ldr	r3, .L7
 129 0014 9A42     		cmp	r2, r3
 130 0016 01D0     		beq	.L6
 131              	.L4:
  92:Src/stm32f0xx_hal_msp.c ****   {
  93:Src/stm32f0xx_hal_msp.c ****   /* USER CODE BEGIN ADC1_MspInit 0 */
  94:Src/stm32f0xx_hal_msp.c **** 
  95:Src/stm32f0xx_hal_msp.c ****   /* USER CODE END ADC1_MspInit 0 */
  96:Src/stm32f0xx_hal_msp.c ****     /* Peripheral clock enable */
  97:Src/stm32f0xx_hal_msp.c ****     __HAL_RCC_ADC1_CLK_ENABLE();
  98:Src/stm32f0xx_hal_msp.c ****   
  99:Src/stm32f0xx_hal_msp.c ****     __HAL_RCC_GPIOA_CLK_ENABLE();
 100:Src/stm32f0xx_hal_msp.c ****     /**ADC GPIO Configuration    
ARM GAS  C:\Users\joaov\AppData\Local\Temp\cc8J6k7e.s 			page 5


 101:Src/stm32f0xx_hal_msp.c ****     PA0     ------> ADC_IN0 
 102:Src/stm32f0xx_hal_msp.c ****     */
 103:Src/stm32f0xx_hal_msp.c ****     GPIO_InitStruct.Pin = GPIO_PIN_0;
 104:Src/stm32f0xx_hal_msp.c ****     GPIO_InitStruct.Mode = GPIO_MODE_ANALOG;
 105:Src/stm32f0xx_hal_msp.c ****     GPIO_InitStruct.Pull = GPIO_NOPULL;
 106:Src/stm32f0xx_hal_msp.c ****     HAL_GPIO_Init(GPIOA, &GPIO_InitStruct);
 107:Src/stm32f0xx_hal_msp.c **** 
 108:Src/stm32f0xx_hal_msp.c ****   /* USER CODE BEGIN ADC1_MspInit 1 */
 109:Src/stm32f0xx_hal_msp.c **** 
 110:Src/stm32f0xx_hal_msp.c ****   /* USER CODE END ADC1_MspInit 1 */
 111:Src/stm32f0xx_hal_msp.c ****   }
 112:Src/stm32f0xx_hal_msp.c **** 
 113:Src/stm32f0xx_hal_msp.c **** }
 132              		.loc 1 113 1 view .LVU26
 133 0018 08B0     		add	sp, sp, #32
 134              		@ sp needed
 135              	.LVL3:
 136              		.loc 1 113 1 view .LVU27
 137 001a 10BD     		pop	{r4, pc}
 138              	.LVL4:
 139              	.L6:
  97:Src/stm32f0xx_hal_msp.c ****   
 140              		.loc 1 97 5 is_stmt 1 view .LVU28
 141              	.LBB4:
  97:Src/stm32f0xx_hal_msp.c ****   
 142              		.loc 1 97 5 view .LVU29
  97:Src/stm32f0xx_hal_msp.c ****   
 143              		.loc 1 97 5 view .LVU30
 144 001c 104B     		ldr	r3, .L7+4
 145 001e 9969     		ldr	r1, [r3, #24]
 146 0020 8020     		movs	r0, #128
 147 0022 8000     		lsls	r0, r0, #2
 148 0024 0143     		orrs	r1, r0
 149 0026 9961     		str	r1, [r3, #24]
  97:Src/stm32f0xx_hal_msp.c ****   
 150              		.loc 1 97 5 view .LVU31
 151 0028 9A69     		ldr	r2, [r3, #24]
 152 002a 0240     		ands	r2, r0
 153 002c 0192     		str	r2, [sp, #4]
  97:Src/stm32f0xx_hal_msp.c ****   
 154              		.loc 1 97 5 view .LVU32
 155 002e 019A     		ldr	r2, [sp, #4]
 156              	.LBE4:
  97:Src/stm32f0xx_hal_msp.c ****   
 157              		.loc 1 97 5 view .LVU33
  99:Src/stm32f0xx_hal_msp.c ****     /**ADC GPIO Configuration    
 158              		.loc 1 99 5 view .LVU34
 159              	.LBB5:
  99:Src/stm32f0xx_hal_msp.c ****     /**ADC GPIO Configuration    
 160              		.loc 1 99 5 view .LVU35
  99:Src/stm32f0xx_hal_msp.c ****     /**ADC GPIO Configuration    
 161              		.loc 1 99 5 view .LVU36
 162 0030 5A69     		ldr	r2, [r3, #20]
 163 0032 8021     		movs	r1, #128
 164 0034 8902     		lsls	r1, r1, #10
 165 0036 0A43     		orrs	r2, r1
 166 0038 5A61     		str	r2, [r3, #20]
ARM GAS  C:\Users\joaov\AppData\Local\Temp\cc8J6k7e.s 			page 6


  99:Src/stm32f0xx_hal_msp.c ****     /**ADC GPIO Configuration    
 167              		.loc 1 99 5 view .LVU37
 168 003a 5B69     		ldr	r3, [r3, #20]
 169 003c 0B40     		ands	r3, r1
 170 003e 0293     		str	r3, [sp, #8]
  99:Src/stm32f0xx_hal_msp.c ****     /**ADC GPIO Configuration    
 171              		.loc 1 99 5 view .LVU38
 172 0040 029B     		ldr	r3, [sp, #8]
 173              	.LBE5:
  99:Src/stm32f0xx_hal_msp.c ****     /**ADC GPIO Configuration    
 174              		.loc 1 99 5 view .LVU39
 103:Src/stm32f0xx_hal_msp.c ****     GPIO_InitStruct.Mode = GPIO_MODE_ANALOG;
 175              		.loc 1 103 5 view .LVU40
 103:Src/stm32f0xx_hal_msp.c ****     GPIO_InitStruct.Mode = GPIO_MODE_ANALOG;
 176              		.loc 1 103 25 is_stmt 0 view .LVU41
 177 0042 0123     		movs	r3, #1
 178 0044 0393     		str	r3, [sp, #12]
 104:Src/stm32f0xx_hal_msp.c ****     GPIO_InitStruct.Pull = GPIO_NOPULL;
 179              		.loc 1 104 5 is_stmt 1 view .LVU42
 104:Src/stm32f0xx_hal_msp.c ****     GPIO_InitStruct.Pull = GPIO_NOPULL;
 180              		.loc 1 104 26 is_stmt 0 view .LVU43
 181 0046 0233     		adds	r3, r3, #2
 182 0048 0493     		str	r3, [sp, #16]
 105:Src/stm32f0xx_hal_msp.c ****     HAL_GPIO_Init(GPIOA, &GPIO_InitStruct);
 183              		.loc 1 105 5 is_stmt 1 view .LVU44
 105:Src/stm32f0xx_hal_msp.c ****     HAL_GPIO_Init(GPIOA, &GPIO_InitStruct);
 184              		.loc 1 105 26 is_stmt 0 view .LVU45
 185 004a 0023     		movs	r3, #0
 186 004c 0593     		str	r3, [sp, #20]
 106:Src/stm32f0xx_hal_msp.c **** 
 187              		.loc 1 106 5 is_stmt 1 view .LVU46
 188 004e 7138     		subs	r0, r0, #113
 189 0050 FF38     		subs	r0, r0, #255
 190 0052 03A9     		add	r1, sp, #12
 191 0054 C005     		lsls	r0, r0, #23
 192 0056 FFF7FEFF 		bl	HAL_GPIO_Init
 193              	.LVL5:
 194              		.loc 1 113 1 is_stmt 0 view .LVU47
 195 005a DDE7     		b	.L4
 196              	.L8:
 197              		.align	2
 198              	.L7:
 199 005c 00240140 		.word	1073816576
 200 0060 00100240 		.word	1073876992
 201              		.cfi_endproc
 202              	.LFE41:
 204              		.section	.text.HAL_ADC_MspDeInit,"ax",%progbits
 205              		.align	1
 206              		.global	HAL_ADC_MspDeInit
 207              		.syntax unified
 208              		.code	16
 209              		.thumb_func
 210              		.fpu softvfp
 212              	HAL_ADC_MspDeInit:
 213              	.LVL6:
 214              	.LFB42:
 114:Src/stm32f0xx_hal_msp.c **** 
ARM GAS  C:\Users\joaov\AppData\Local\Temp\cc8J6k7e.s 			page 7


 115:Src/stm32f0xx_hal_msp.c **** /**
 116:Src/stm32f0xx_hal_msp.c **** * @brief ADC MSP De-Initialization
 117:Src/stm32f0xx_hal_msp.c **** * This function freeze the hardware resources used in this example
 118:Src/stm32f0xx_hal_msp.c **** * @param hadc: ADC handle pointer
 119:Src/stm32f0xx_hal_msp.c **** * @retval None
 120:Src/stm32f0xx_hal_msp.c **** */
 121:Src/stm32f0xx_hal_msp.c **** void HAL_ADC_MspDeInit(ADC_HandleTypeDef* hadc)
 122:Src/stm32f0xx_hal_msp.c **** {
 215              		.loc 1 122 1 is_stmt 1 view -0
 216              		.cfi_startproc
 217              		@ args = 0, pretend = 0, frame = 0
 218              		@ frame_needed = 0, uses_anonymous_args = 0
 219              		.loc 1 122 1 is_stmt 0 view .LVU49
 220 0000 10B5     		push	{r4, lr}
 221              	.LCFI3:
 222              		.cfi_def_cfa_offset 8
 223              		.cfi_offset 4, -8
 224              		.cfi_offset 14, -4
 123:Src/stm32f0xx_hal_msp.c ****   if(hadc->Instance==ADC1)
 225              		.loc 1 123 3 is_stmt 1 view .LVU50
 226              		.loc 1 123 10 is_stmt 0 view .LVU51
 227 0002 0268     		ldr	r2, [r0]
 228              		.loc 1 123 5 view .LVU52
 229 0004 074B     		ldr	r3, .L12
 230 0006 9A42     		cmp	r2, r3
 231 0008 00D0     		beq	.L11
 232              	.LVL7:
 233              	.L9:
 124:Src/stm32f0xx_hal_msp.c ****   {
 125:Src/stm32f0xx_hal_msp.c ****   /* USER CODE BEGIN ADC1_MspDeInit 0 */
 126:Src/stm32f0xx_hal_msp.c **** 
 127:Src/stm32f0xx_hal_msp.c ****   /* USER CODE END ADC1_MspDeInit 0 */
 128:Src/stm32f0xx_hal_msp.c ****     /* Peripheral clock disable */
 129:Src/stm32f0xx_hal_msp.c ****     __HAL_RCC_ADC1_CLK_DISABLE();
 130:Src/stm32f0xx_hal_msp.c ****   
 131:Src/stm32f0xx_hal_msp.c ****     /**ADC GPIO Configuration    
 132:Src/stm32f0xx_hal_msp.c ****     PA0     ------> ADC_IN0 
 133:Src/stm32f0xx_hal_msp.c ****     */
 134:Src/stm32f0xx_hal_msp.c ****     HAL_GPIO_DeInit(GPIOA, GPIO_PIN_0);
 135:Src/stm32f0xx_hal_msp.c **** 
 136:Src/stm32f0xx_hal_msp.c ****   /* USER CODE BEGIN ADC1_MspDeInit 1 */
 137:Src/stm32f0xx_hal_msp.c **** 
 138:Src/stm32f0xx_hal_msp.c ****   /* USER CODE END ADC1_MspDeInit 1 */
 139:Src/stm32f0xx_hal_msp.c ****   }
 140:Src/stm32f0xx_hal_msp.c **** 
 141:Src/stm32f0xx_hal_msp.c **** }
 234              		.loc 1 141 1 view .LVU53
 235              		@ sp needed
 236 000a 10BD     		pop	{r4, pc}
 237              	.LVL8:
 238              	.L11:
 129:Src/stm32f0xx_hal_msp.c ****   
 239              		.loc 1 129 5 is_stmt 1 view .LVU54
 240 000c 064A     		ldr	r2, .L12+4
 241 000e 9369     		ldr	r3, [r2, #24]
 242 0010 0649     		ldr	r1, .L12+8
 243 0012 0B40     		ands	r3, r1
ARM GAS  C:\Users\joaov\AppData\Local\Temp\cc8J6k7e.s 			page 8


 244 0014 9361     		str	r3, [r2, #24]
 134:Src/stm32f0xx_hal_msp.c **** 
 245              		.loc 1 134 5 view .LVU55
 246 0016 9020     		movs	r0, #144
 247              	.LVL9:
 134:Src/stm32f0xx_hal_msp.c **** 
 248              		.loc 1 134 5 is_stmt 0 view .LVU56
 249 0018 0121     		movs	r1, #1
 250 001a C005     		lsls	r0, r0, #23
 251 001c FFF7FEFF 		bl	HAL_GPIO_DeInit
 252              	.LVL10:
 253              		.loc 1 141 1 view .LVU57
 254 0020 F3E7     		b	.L9
 255              	.L13:
 256 0022 C046     		.align	2
 257              	.L12:
 258 0024 00240140 		.word	1073816576
 259 0028 00100240 		.word	1073876992
 260 002c FFFDFFFF 		.word	-513
 261              		.cfi_endproc
 262              	.LFE42:
 264              		.section	.text.HAL_CAN_MspInit,"ax",%progbits
 265              		.align	1
 266              		.global	HAL_CAN_MspInit
 267              		.syntax unified
 268              		.code	16
 269              		.thumb_func
 270              		.fpu softvfp
 272              	HAL_CAN_MspInit:
 273              	.LVL11:
 274              	.LFB43:
 142:Src/stm32f0xx_hal_msp.c **** 
 143:Src/stm32f0xx_hal_msp.c **** /**
 144:Src/stm32f0xx_hal_msp.c **** * @brief CAN MSP Initialization
 145:Src/stm32f0xx_hal_msp.c **** * This function configures the hardware resources used in this example
 146:Src/stm32f0xx_hal_msp.c **** * @param hcan: CAN handle pointer
 147:Src/stm32f0xx_hal_msp.c **** * @retval None
 148:Src/stm32f0xx_hal_msp.c **** */
 149:Src/stm32f0xx_hal_msp.c **** void HAL_CAN_MspInit(CAN_HandleTypeDef* hcan)
 150:Src/stm32f0xx_hal_msp.c **** {
 275              		.loc 1 150 1 is_stmt 1 view -0
 276              		.cfi_startproc
 277              		@ args = 0, pretend = 0, frame = 32
 278              		@ frame_needed = 0, uses_anonymous_args = 0
 279              		.loc 1 150 1 is_stmt 0 view .LVU59
 280 0000 F0B5     		push	{r4, r5, r6, r7, lr}
 281              	.LCFI4:
 282              		.cfi_def_cfa_offset 20
 283              		.cfi_offset 4, -20
 284              		.cfi_offset 5, -16
 285              		.cfi_offset 6, -12
 286              		.cfi_offset 7, -8
 287              		.cfi_offset 14, -4
 288 0002 89B0     		sub	sp, sp, #36
 289              	.LCFI5:
 290              		.cfi_def_cfa_offset 56
 291 0004 0400     		movs	r4, r0
ARM GAS  C:\Users\joaov\AppData\Local\Temp\cc8J6k7e.s 			page 9


 151:Src/stm32f0xx_hal_msp.c ****   GPIO_InitTypeDef GPIO_InitStruct = {0};
 292              		.loc 1 151 3 is_stmt 1 view .LVU60
 293              		.loc 1 151 20 is_stmt 0 view .LVU61
 294 0006 1422     		movs	r2, #20
 295 0008 0021     		movs	r1, #0
 296 000a 03A8     		add	r0, sp, #12
 297              	.LVL12:
 298              		.loc 1 151 20 view .LVU62
 299 000c FFF7FEFF 		bl	memset
 300              	.LVL13:
 152:Src/stm32f0xx_hal_msp.c ****   if(hcan->Instance==CAN)
 301              		.loc 1 152 3 is_stmt 1 view .LVU63
 302              		.loc 1 152 10 is_stmt 0 view .LVU64
 303 0010 2268     		ldr	r2, [r4]
 304              		.loc 1 152 5 view .LVU65
 305 0012 1E4B     		ldr	r3, .L17
 306 0014 9A42     		cmp	r2, r3
 307 0016 01D0     		beq	.L16
 308              	.LVL14:
 309              	.L14:
 153:Src/stm32f0xx_hal_msp.c ****   {
 154:Src/stm32f0xx_hal_msp.c ****   /* USER CODE BEGIN CAN_MspInit 0 */
 155:Src/stm32f0xx_hal_msp.c **** 
 156:Src/stm32f0xx_hal_msp.c ****   /* USER CODE END CAN_MspInit 0 */
 157:Src/stm32f0xx_hal_msp.c ****     /* Peripheral clock enable */
 158:Src/stm32f0xx_hal_msp.c ****     __HAL_RCC_CAN1_CLK_ENABLE();
 159:Src/stm32f0xx_hal_msp.c ****   
 160:Src/stm32f0xx_hal_msp.c ****     __HAL_RCC_GPIOB_CLK_ENABLE();
 161:Src/stm32f0xx_hal_msp.c ****     __HAL_RCC_GPIOA_CLK_ENABLE();
 162:Src/stm32f0xx_hal_msp.c ****     /**CAN GPIO Configuration    
 163:Src/stm32f0xx_hal_msp.c ****     PB8     ------> CAN_RX
 164:Src/stm32f0xx_hal_msp.c ****     PA12     ------> CAN_TX 
 165:Src/stm32f0xx_hal_msp.c ****     */
 166:Src/stm32f0xx_hal_msp.c ****     GPIO_InitStruct.Pin = GPIO_PIN_8;
 167:Src/stm32f0xx_hal_msp.c ****     GPIO_InitStruct.Mode = GPIO_MODE_AF_PP;
 168:Src/stm32f0xx_hal_msp.c ****     GPIO_InitStruct.Pull = GPIO_NOPULL;
 169:Src/stm32f0xx_hal_msp.c ****     GPIO_InitStruct.Speed = GPIO_SPEED_FREQ_HIGH;
 170:Src/stm32f0xx_hal_msp.c ****     GPIO_InitStruct.Alternate = GPIO_AF4_CAN;
 171:Src/stm32f0xx_hal_msp.c ****     HAL_GPIO_Init(GPIOB, &GPIO_InitStruct);
 172:Src/stm32f0xx_hal_msp.c **** 
 173:Src/stm32f0xx_hal_msp.c ****     GPIO_InitStruct.Pin = GPIO_PIN_12;
 174:Src/stm32f0xx_hal_msp.c ****     GPIO_InitStruct.Mode = GPIO_MODE_AF_PP;
 175:Src/stm32f0xx_hal_msp.c ****     GPIO_InitStruct.Pull = GPIO_NOPULL;
 176:Src/stm32f0xx_hal_msp.c ****     GPIO_InitStruct.Speed = GPIO_SPEED_FREQ_HIGH;
 177:Src/stm32f0xx_hal_msp.c ****     GPIO_InitStruct.Alternate = GPIO_AF4_CAN;
 178:Src/stm32f0xx_hal_msp.c ****     HAL_GPIO_Init(GPIOA, &GPIO_InitStruct);
 179:Src/stm32f0xx_hal_msp.c **** 
 180:Src/stm32f0xx_hal_msp.c ****   /* USER CODE BEGIN CAN_MspInit 1 */
 181:Src/stm32f0xx_hal_msp.c **** 
 182:Src/stm32f0xx_hal_msp.c ****   /* USER CODE END CAN_MspInit 1 */
 183:Src/stm32f0xx_hal_msp.c ****   }
 184:Src/stm32f0xx_hal_msp.c **** 
 185:Src/stm32f0xx_hal_msp.c **** }
 310              		.loc 1 185 1 view .LVU66
 311 0018 09B0     		add	sp, sp, #36
 312              		@ sp needed
 313 001a F0BD     		pop	{r4, r5, r6, r7, pc}
ARM GAS  C:\Users\joaov\AppData\Local\Temp\cc8J6k7e.s 			page 10


 314              	.LVL15:
 315              	.L16:
 158:Src/stm32f0xx_hal_msp.c ****   
 316              		.loc 1 158 5 is_stmt 1 view .LVU67
 317              	.LBB6:
 158:Src/stm32f0xx_hal_msp.c ****   
 318              		.loc 1 158 5 view .LVU68
 158:Src/stm32f0xx_hal_msp.c ****   
 319              		.loc 1 158 5 view .LVU69
 320 001c 1C4B     		ldr	r3, .L17+4
 321 001e D969     		ldr	r1, [r3, #28]
 322 0020 8020     		movs	r0, #128
 323 0022 8004     		lsls	r0, r0, #18
 324 0024 0143     		orrs	r1, r0
 325 0026 D961     		str	r1, [r3, #28]
 158:Src/stm32f0xx_hal_msp.c ****   
 326              		.loc 1 158 5 view .LVU70
 327 0028 DA69     		ldr	r2, [r3, #28]
 328 002a 0240     		ands	r2, r0
 329 002c 0092     		str	r2, [sp]
 158:Src/stm32f0xx_hal_msp.c ****   
 330              		.loc 1 158 5 view .LVU71
 331 002e 009A     		ldr	r2, [sp]
 332              	.LBE6:
 158:Src/stm32f0xx_hal_msp.c ****   
 333              		.loc 1 158 5 view .LVU72
 160:Src/stm32f0xx_hal_msp.c ****     __HAL_RCC_GPIOA_CLK_ENABLE();
 334              		.loc 1 160 5 view .LVU73
 335              	.LBB7:
 160:Src/stm32f0xx_hal_msp.c ****     __HAL_RCC_GPIOA_CLK_ENABLE();
 336              		.loc 1 160 5 view .LVU74
 160:Src/stm32f0xx_hal_msp.c ****     __HAL_RCC_GPIOA_CLK_ENABLE();
 337              		.loc 1 160 5 view .LVU75
 338 0030 5969     		ldr	r1, [r3, #20]
 339 0032 8020     		movs	r0, #128
 340 0034 C002     		lsls	r0, r0, #11
 341 0036 0143     		orrs	r1, r0
 342 0038 5961     		str	r1, [r3, #20]
 160:Src/stm32f0xx_hal_msp.c ****     __HAL_RCC_GPIOA_CLK_ENABLE();
 343              		.loc 1 160 5 view .LVU76
 344 003a 5A69     		ldr	r2, [r3, #20]
 345 003c 0240     		ands	r2, r0
 346 003e 0192     		str	r2, [sp, #4]
 160:Src/stm32f0xx_hal_msp.c ****     __HAL_RCC_GPIOA_CLK_ENABLE();
 347              		.loc 1 160 5 view .LVU77
 348 0040 019A     		ldr	r2, [sp, #4]
 349              	.LBE7:
 160:Src/stm32f0xx_hal_msp.c ****     __HAL_RCC_GPIOA_CLK_ENABLE();
 350              		.loc 1 160 5 view .LVU78
 161:Src/stm32f0xx_hal_msp.c ****     /**CAN GPIO Configuration    
 351              		.loc 1 161 5 view .LVU79
 352              	.LBB8:
 161:Src/stm32f0xx_hal_msp.c ****     /**CAN GPIO Configuration    
 353              		.loc 1 161 5 view .LVU80
 161:Src/stm32f0xx_hal_msp.c ****     /**CAN GPIO Configuration    
 354              		.loc 1 161 5 view .LVU81
 355 0042 5A69     		ldr	r2, [r3, #20]
ARM GAS  C:\Users\joaov\AppData\Local\Temp\cc8J6k7e.s 			page 11


 356 0044 8021     		movs	r1, #128
 357 0046 8902     		lsls	r1, r1, #10
 358 0048 0A43     		orrs	r2, r1
 359 004a 5A61     		str	r2, [r3, #20]
 161:Src/stm32f0xx_hal_msp.c ****     /**CAN GPIO Configuration    
 360              		.loc 1 161 5 view .LVU82
 361 004c 5B69     		ldr	r3, [r3, #20]
 362 004e 0B40     		ands	r3, r1
 363 0050 0293     		str	r3, [sp, #8]
 161:Src/stm32f0xx_hal_msp.c ****     /**CAN GPIO Configuration    
 364              		.loc 1 161 5 view .LVU83
 365 0052 029B     		ldr	r3, [sp, #8]
 366              	.LBE8:
 161:Src/stm32f0xx_hal_msp.c ****     /**CAN GPIO Configuration    
 367              		.loc 1 161 5 view .LVU84
 166:Src/stm32f0xx_hal_msp.c ****     GPIO_InitStruct.Mode = GPIO_MODE_AF_PP;
 368              		.loc 1 166 5 view .LVU85
 166:Src/stm32f0xx_hal_msp.c ****     GPIO_InitStruct.Mode = GPIO_MODE_AF_PP;
 369              		.loc 1 166 25 is_stmt 0 view .LVU86
 370 0054 8023     		movs	r3, #128
 371 0056 5B00     		lsls	r3, r3, #1
 372 0058 0393     		str	r3, [sp, #12]
 167:Src/stm32f0xx_hal_msp.c ****     GPIO_InitStruct.Pull = GPIO_NOPULL;
 373              		.loc 1 167 5 is_stmt 1 view .LVU87
 167:Src/stm32f0xx_hal_msp.c ****     GPIO_InitStruct.Pull = GPIO_NOPULL;
 374              		.loc 1 167 26 is_stmt 0 view .LVU88
 375 005a 0227     		movs	r7, #2
 376 005c 0497     		str	r7, [sp, #16]
 168:Src/stm32f0xx_hal_msp.c ****     GPIO_InitStruct.Speed = GPIO_SPEED_FREQ_HIGH;
 377              		.loc 1 168 5 is_stmt 1 view .LVU89
 168:Src/stm32f0xx_hal_msp.c ****     GPIO_InitStruct.Speed = GPIO_SPEED_FREQ_HIGH;
 378              		.loc 1 168 26 is_stmt 0 view .LVU90
 379 005e 0026     		movs	r6, #0
 380 0060 0596     		str	r6, [sp, #20]
 169:Src/stm32f0xx_hal_msp.c ****     GPIO_InitStruct.Alternate = GPIO_AF4_CAN;
 381              		.loc 1 169 5 is_stmt 1 view .LVU91
 169:Src/stm32f0xx_hal_msp.c ****     GPIO_InitStruct.Alternate = GPIO_AF4_CAN;
 382              		.loc 1 169 27 is_stmt 0 view .LVU92
 383 0062 0325     		movs	r5, #3
 384 0064 0695     		str	r5, [sp, #24]
 170:Src/stm32f0xx_hal_msp.c ****     HAL_GPIO_Init(GPIOB, &GPIO_InitStruct);
 385              		.loc 1 170 5 is_stmt 1 view .LVU93
 170:Src/stm32f0xx_hal_msp.c ****     HAL_GPIO_Init(GPIOB, &GPIO_InitStruct);
 386              		.loc 1 170 31 is_stmt 0 view .LVU94
 387 0066 0424     		movs	r4, #4
 388              	.LVL16:
 170:Src/stm32f0xx_hal_msp.c ****     HAL_GPIO_Init(GPIOB, &GPIO_InitStruct);
 389              		.loc 1 170 31 view .LVU95
 390 0068 0794     		str	r4, [sp, #28]
 171:Src/stm32f0xx_hal_msp.c **** 
 391              		.loc 1 171 5 is_stmt 1 view .LVU96
 392 006a 03A9     		add	r1, sp, #12
 393 006c 0948     		ldr	r0, .L17+8
 394 006e FFF7FEFF 		bl	HAL_GPIO_Init
 395              	.LVL17:
 173:Src/stm32f0xx_hal_msp.c ****     GPIO_InitStruct.Mode = GPIO_MODE_AF_PP;
 396              		.loc 1 173 5 view .LVU97
ARM GAS  C:\Users\joaov\AppData\Local\Temp\cc8J6k7e.s 			page 12


 173:Src/stm32f0xx_hal_msp.c ****     GPIO_InitStruct.Mode = GPIO_MODE_AF_PP;
 397              		.loc 1 173 25 is_stmt 0 view .LVU98
 398 0072 8023     		movs	r3, #128
 399 0074 5B01     		lsls	r3, r3, #5
 400 0076 0393     		str	r3, [sp, #12]
 174:Src/stm32f0xx_hal_msp.c ****     GPIO_InitStruct.Pull = GPIO_NOPULL;
 401              		.loc 1 174 5 is_stmt 1 view .LVU99
 174:Src/stm32f0xx_hal_msp.c ****     GPIO_InitStruct.Pull = GPIO_NOPULL;
 402              		.loc 1 174 26 is_stmt 0 view .LVU100
 403 0078 0497     		str	r7, [sp, #16]
 175:Src/stm32f0xx_hal_msp.c ****     GPIO_InitStruct.Speed = GPIO_SPEED_FREQ_HIGH;
 404              		.loc 1 175 5 is_stmt 1 view .LVU101
 175:Src/stm32f0xx_hal_msp.c ****     GPIO_InitStruct.Speed = GPIO_SPEED_FREQ_HIGH;
 405              		.loc 1 175 26 is_stmt 0 view .LVU102
 406 007a 0596     		str	r6, [sp, #20]
 176:Src/stm32f0xx_hal_msp.c ****     GPIO_InitStruct.Alternate = GPIO_AF4_CAN;
 407              		.loc 1 176 5 is_stmt 1 view .LVU103
 176:Src/stm32f0xx_hal_msp.c ****     GPIO_InitStruct.Alternate = GPIO_AF4_CAN;
 408              		.loc 1 176 27 is_stmt 0 view .LVU104
 409 007c 0695     		str	r5, [sp, #24]
 177:Src/stm32f0xx_hal_msp.c ****     HAL_GPIO_Init(GPIOA, &GPIO_InitStruct);
 410              		.loc 1 177 5 is_stmt 1 view .LVU105
 177:Src/stm32f0xx_hal_msp.c ****     HAL_GPIO_Init(GPIOA, &GPIO_InitStruct);
 411              		.loc 1 177 31 is_stmt 0 view .LVU106
 412 007e 0794     		str	r4, [sp, #28]
 178:Src/stm32f0xx_hal_msp.c **** 
 413              		.loc 1 178 5 is_stmt 1 view .LVU107
 414 0080 9020     		movs	r0, #144
 415 0082 03A9     		add	r1, sp, #12
 416 0084 C005     		lsls	r0, r0, #23
 417 0086 FFF7FEFF 		bl	HAL_GPIO_Init
 418              	.LVL18:
 419              		.loc 1 185 1 is_stmt 0 view .LVU108
 420 008a C5E7     		b	.L14
 421              	.L18:
 422              		.align	2
 423              	.L17:
 424 008c 00640040 		.word	1073767424
 425 0090 00100240 		.word	1073876992
 426 0094 00040048 		.word	1207960576
 427              		.cfi_endproc
 428              	.LFE43:
 430              		.section	.text.HAL_CAN_MspDeInit,"ax",%progbits
 431              		.align	1
 432              		.global	HAL_CAN_MspDeInit
 433              		.syntax unified
 434              		.code	16
 435              		.thumb_func
 436              		.fpu softvfp
 438              	HAL_CAN_MspDeInit:
 439              	.LVL19:
 440              	.LFB44:
 186:Src/stm32f0xx_hal_msp.c **** 
 187:Src/stm32f0xx_hal_msp.c **** /**
 188:Src/stm32f0xx_hal_msp.c **** * @brief CAN MSP De-Initialization
 189:Src/stm32f0xx_hal_msp.c **** * This function freeze the hardware resources used in this example
 190:Src/stm32f0xx_hal_msp.c **** * @param hcan: CAN handle pointer
ARM GAS  C:\Users\joaov\AppData\Local\Temp\cc8J6k7e.s 			page 13


 191:Src/stm32f0xx_hal_msp.c **** * @retval None
 192:Src/stm32f0xx_hal_msp.c **** */
 193:Src/stm32f0xx_hal_msp.c **** void HAL_CAN_MspDeInit(CAN_HandleTypeDef* hcan)
 194:Src/stm32f0xx_hal_msp.c **** {
 441              		.loc 1 194 1 is_stmt 1 view -0
 442              		.cfi_startproc
 443              		@ args = 0, pretend = 0, frame = 0
 444              		@ frame_needed = 0, uses_anonymous_args = 0
 445              		.loc 1 194 1 is_stmt 0 view .LVU110
 446 0000 10B5     		push	{r4, lr}
 447              	.LCFI6:
 448              		.cfi_def_cfa_offset 8
 449              		.cfi_offset 4, -8
 450              		.cfi_offset 14, -4
 195:Src/stm32f0xx_hal_msp.c ****   if(hcan->Instance==CAN)
 451              		.loc 1 195 3 is_stmt 1 view .LVU111
 452              		.loc 1 195 10 is_stmt 0 view .LVU112
 453 0002 0268     		ldr	r2, [r0]
 454              		.loc 1 195 5 view .LVU113
 455 0004 0A4B     		ldr	r3, .L22
 456 0006 9A42     		cmp	r2, r3
 457 0008 00D0     		beq	.L21
 458              	.LVL20:
 459              	.L19:
 196:Src/stm32f0xx_hal_msp.c ****   {
 197:Src/stm32f0xx_hal_msp.c ****   /* USER CODE BEGIN CAN_MspDeInit 0 */
 198:Src/stm32f0xx_hal_msp.c **** 
 199:Src/stm32f0xx_hal_msp.c ****   /* USER CODE END CAN_MspDeInit 0 */
 200:Src/stm32f0xx_hal_msp.c ****     /* Peripheral clock disable */
 201:Src/stm32f0xx_hal_msp.c ****     __HAL_RCC_CAN1_CLK_DISABLE();
 202:Src/stm32f0xx_hal_msp.c ****   
 203:Src/stm32f0xx_hal_msp.c ****     /**CAN GPIO Configuration    
 204:Src/stm32f0xx_hal_msp.c ****     PB8     ------> CAN_RX
 205:Src/stm32f0xx_hal_msp.c ****     PA12     ------> CAN_TX 
 206:Src/stm32f0xx_hal_msp.c ****     */
 207:Src/stm32f0xx_hal_msp.c ****     HAL_GPIO_DeInit(GPIOB, GPIO_PIN_8);
 208:Src/stm32f0xx_hal_msp.c **** 
 209:Src/stm32f0xx_hal_msp.c ****     HAL_GPIO_DeInit(GPIOA, GPIO_PIN_12);
 210:Src/stm32f0xx_hal_msp.c **** 
 211:Src/stm32f0xx_hal_msp.c ****   /* USER CODE BEGIN CAN_MspDeInit 1 */
 212:Src/stm32f0xx_hal_msp.c **** 
 213:Src/stm32f0xx_hal_msp.c ****   /* USER CODE END CAN_MspDeInit 1 */
 214:Src/stm32f0xx_hal_msp.c ****   }
 215:Src/stm32f0xx_hal_msp.c **** 
 216:Src/stm32f0xx_hal_msp.c **** }
 460              		.loc 1 216 1 view .LVU114
 461              		@ sp needed
 462 000a 10BD     		pop	{r4, pc}
 463              	.LVL21:
 464              	.L21:
 201:Src/stm32f0xx_hal_msp.c ****   
 465              		.loc 1 201 5 is_stmt 1 view .LVU115
 466 000c 094A     		ldr	r2, .L22+4
 467 000e D369     		ldr	r3, [r2, #28]
 468 0010 0949     		ldr	r1, .L22+8
 469 0012 0B40     		ands	r3, r1
 470 0014 D361     		str	r3, [r2, #28]
ARM GAS  C:\Users\joaov\AppData\Local\Temp\cc8J6k7e.s 			page 14


 207:Src/stm32f0xx_hal_msp.c **** 
 471              		.loc 1 207 5 view .LVU116
 472 0016 8021     		movs	r1, #128
 473 0018 4900     		lsls	r1, r1, #1
 474 001a 0848     		ldr	r0, .L22+12
 475              	.LVL22:
 207:Src/stm32f0xx_hal_msp.c **** 
 476              		.loc 1 207 5 is_stmt 0 view .LVU117
 477 001c FFF7FEFF 		bl	HAL_GPIO_DeInit
 478              	.LVL23:
 209:Src/stm32f0xx_hal_msp.c **** 
 479              		.loc 1 209 5 is_stmt 1 view .LVU118
 480 0020 8021     		movs	r1, #128
 481 0022 9020     		movs	r0, #144
 482 0024 4901     		lsls	r1, r1, #5
 483 0026 C005     		lsls	r0, r0, #23
 484 0028 FFF7FEFF 		bl	HAL_GPIO_DeInit
 485              	.LVL24:
 486              		.loc 1 216 1 is_stmt 0 view .LVU119
 487 002c EDE7     		b	.L19
 488              	.L23:
 489 002e C046     		.align	2
 490              	.L22:
 491 0030 00640040 		.word	1073767424
 492 0034 00100240 		.word	1073876992
 493 0038 FFFFFFFD 		.word	-33554433
 494 003c 00040048 		.word	1207960576
 495              		.cfi_endproc
 496              	.LFE44:
 498              		.section	.text.HAL_UART_MspInit,"ax",%progbits
 499              		.align	1
 500              		.global	HAL_UART_MspInit
 501              		.syntax unified
 502              		.code	16
 503              		.thumb_func
 504              		.fpu softvfp
 506              	HAL_UART_MspInit:
 507              	.LVL25:
 508              	.LFB45:
 217:Src/stm32f0xx_hal_msp.c **** 
 218:Src/stm32f0xx_hal_msp.c **** /**
 219:Src/stm32f0xx_hal_msp.c **** * @brief UART MSP Initialization
 220:Src/stm32f0xx_hal_msp.c **** * This function configures the hardware resources used in this example
 221:Src/stm32f0xx_hal_msp.c **** * @param huart: UART handle pointer
 222:Src/stm32f0xx_hal_msp.c **** * @retval None
 223:Src/stm32f0xx_hal_msp.c **** */
 224:Src/stm32f0xx_hal_msp.c **** void HAL_UART_MspInit(UART_HandleTypeDef* huart)
 225:Src/stm32f0xx_hal_msp.c **** {
 509              		.loc 1 225 1 is_stmt 1 view -0
 510              		.cfi_startproc
 511              		@ args = 0, pretend = 0, frame = 32
 512              		@ frame_needed = 0, uses_anonymous_args = 0
 513              		.loc 1 225 1 is_stmt 0 view .LVU121
 514 0000 10B5     		push	{r4, lr}
 515              	.LCFI7:
 516              		.cfi_def_cfa_offset 8
 517              		.cfi_offset 4, -8
ARM GAS  C:\Users\joaov\AppData\Local\Temp\cc8J6k7e.s 			page 15


 518              		.cfi_offset 14, -4
 519 0002 88B0     		sub	sp, sp, #32
 520              	.LCFI8:
 521              		.cfi_def_cfa_offset 40
 522 0004 0400     		movs	r4, r0
 226:Src/stm32f0xx_hal_msp.c ****   GPIO_InitTypeDef GPIO_InitStruct = {0};
 523              		.loc 1 226 3 is_stmt 1 view .LVU122
 524              		.loc 1 226 20 is_stmt 0 view .LVU123
 525 0006 1422     		movs	r2, #20
 526 0008 0021     		movs	r1, #0
 527 000a 03A8     		add	r0, sp, #12
 528              	.LVL26:
 529              		.loc 1 226 20 view .LVU124
 530 000c FFF7FEFF 		bl	memset
 531              	.LVL27:
 227:Src/stm32f0xx_hal_msp.c ****   if(huart->Instance==USART2)
 532              		.loc 1 227 3 is_stmt 1 view .LVU125
 533              		.loc 1 227 11 is_stmt 0 view .LVU126
 534 0010 2268     		ldr	r2, [r4]
 535              		.loc 1 227 5 view .LVU127
 536 0012 134B     		ldr	r3, .L27
 537 0014 9A42     		cmp	r2, r3
 538 0016 01D0     		beq	.L26
 539              	.L24:
 228:Src/stm32f0xx_hal_msp.c ****   {
 229:Src/stm32f0xx_hal_msp.c ****   /* USER CODE BEGIN USART2_MspInit 0 */
 230:Src/stm32f0xx_hal_msp.c **** 
 231:Src/stm32f0xx_hal_msp.c ****   /* USER CODE END USART2_MspInit 0 */
 232:Src/stm32f0xx_hal_msp.c ****     /* Peripheral clock enable */
 233:Src/stm32f0xx_hal_msp.c ****     __HAL_RCC_USART2_CLK_ENABLE();
 234:Src/stm32f0xx_hal_msp.c ****   
 235:Src/stm32f0xx_hal_msp.c ****     __HAL_RCC_GPIOA_CLK_ENABLE();
 236:Src/stm32f0xx_hal_msp.c ****     /**USART2 GPIO Configuration    
 237:Src/stm32f0xx_hal_msp.c ****     PA2     ------> USART2_TX
 238:Src/stm32f0xx_hal_msp.c ****     PA3     ------> USART2_RX 
 239:Src/stm32f0xx_hal_msp.c ****     */
 240:Src/stm32f0xx_hal_msp.c ****     GPIO_InitStruct.Pin = GPIO_PIN_2|GPIO_PIN_3;
 241:Src/stm32f0xx_hal_msp.c ****     GPIO_InitStruct.Mode = GPIO_MODE_AF_PP;
 242:Src/stm32f0xx_hal_msp.c ****     GPIO_InitStruct.Pull = GPIO_NOPULL;
 243:Src/stm32f0xx_hal_msp.c ****     GPIO_InitStruct.Speed = GPIO_SPEED_FREQ_HIGH;
 244:Src/stm32f0xx_hal_msp.c ****     GPIO_InitStruct.Alternate = GPIO_AF1_USART2;
 245:Src/stm32f0xx_hal_msp.c ****     HAL_GPIO_Init(GPIOA, &GPIO_InitStruct);
 246:Src/stm32f0xx_hal_msp.c **** 
 247:Src/stm32f0xx_hal_msp.c ****   /* USER CODE BEGIN USART2_MspInit 1 */
 248:Src/stm32f0xx_hal_msp.c **** 
 249:Src/stm32f0xx_hal_msp.c ****   /* USER CODE END USART2_MspInit 1 */
 250:Src/stm32f0xx_hal_msp.c ****   }
 251:Src/stm32f0xx_hal_msp.c **** 
 252:Src/stm32f0xx_hal_msp.c **** }
 540              		.loc 1 252 1 view .LVU128
 541 0018 08B0     		add	sp, sp, #32
 542              		@ sp needed
 543              	.LVL28:
 544              		.loc 1 252 1 view .LVU129
 545 001a 10BD     		pop	{r4, pc}
 546              	.LVL29:
 547              	.L26:
ARM GAS  C:\Users\joaov\AppData\Local\Temp\cc8J6k7e.s 			page 16


 233:Src/stm32f0xx_hal_msp.c ****   
 548              		.loc 1 233 5 is_stmt 1 view .LVU130
 549              	.LBB9:
 233:Src/stm32f0xx_hal_msp.c ****   
 550              		.loc 1 233 5 view .LVU131
 233:Src/stm32f0xx_hal_msp.c ****   
 551              		.loc 1 233 5 view .LVU132
 552 001c 114B     		ldr	r3, .L27+4
 553 001e D969     		ldr	r1, [r3, #28]
 554 0020 8022     		movs	r2, #128
 555 0022 9202     		lsls	r2, r2, #10
 556 0024 1143     		orrs	r1, r2
 557 0026 D961     		str	r1, [r3, #28]
 233:Src/stm32f0xx_hal_msp.c ****   
 558              		.loc 1 233 5 view .LVU133
 559 0028 D969     		ldr	r1, [r3, #28]
 560 002a 1140     		ands	r1, r2
 561 002c 0191     		str	r1, [sp, #4]
 233:Src/stm32f0xx_hal_msp.c ****   
 562              		.loc 1 233 5 view .LVU134
 563 002e 0199     		ldr	r1, [sp, #4]
 564              	.LBE9:
 233:Src/stm32f0xx_hal_msp.c ****   
 565              		.loc 1 233 5 view .LVU135
 235:Src/stm32f0xx_hal_msp.c ****     /**USART2 GPIO Configuration    
 566              		.loc 1 235 5 view .LVU136
 567              	.LBB10:
 235:Src/stm32f0xx_hal_msp.c ****     /**USART2 GPIO Configuration    
 568              		.loc 1 235 5 view .LVU137
 235:Src/stm32f0xx_hal_msp.c ****     /**USART2 GPIO Configuration    
 569              		.loc 1 235 5 view .LVU138
 570 0030 5969     		ldr	r1, [r3, #20]
 571 0032 1143     		orrs	r1, r2
 572 0034 5961     		str	r1, [r3, #20]
 235:Src/stm32f0xx_hal_msp.c ****     /**USART2 GPIO Configuration    
 573              		.loc 1 235 5 view .LVU139
 574 0036 5B69     		ldr	r3, [r3, #20]
 575 0038 1A40     		ands	r2, r3
 576 003a 0292     		str	r2, [sp, #8]
 235:Src/stm32f0xx_hal_msp.c ****     /**USART2 GPIO Configuration    
 577              		.loc 1 235 5 view .LVU140
 578 003c 029B     		ldr	r3, [sp, #8]
 579              	.LBE10:
 235:Src/stm32f0xx_hal_msp.c ****     /**USART2 GPIO Configuration    
 580              		.loc 1 235 5 view .LVU141
 240:Src/stm32f0xx_hal_msp.c ****     GPIO_InitStruct.Mode = GPIO_MODE_AF_PP;
 581              		.loc 1 240 5 view .LVU142
 240:Src/stm32f0xx_hal_msp.c ****     GPIO_InitStruct.Mode = GPIO_MODE_AF_PP;
 582              		.loc 1 240 25 is_stmt 0 view .LVU143
 583 003e 0C23     		movs	r3, #12
 584 0040 0393     		str	r3, [sp, #12]
 241:Src/stm32f0xx_hal_msp.c ****     GPIO_InitStruct.Pull = GPIO_NOPULL;
 585              		.loc 1 241 5 is_stmt 1 view .LVU144
 241:Src/stm32f0xx_hal_msp.c ****     GPIO_InitStruct.Pull = GPIO_NOPULL;
 586              		.loc 1 241 26 is_stmt 0 view .LVU145
 587 0042 0A3B     		subs	r3, r3, #10
 588 0044 0493     		str	r3, [sp, #16]
ARM GAS  C:\Users\joaov\AppData\Local\Temp\cc8J6k7e.s 			page 17


 242:Src/stm32f0xx_hal_msp.c ****     GPIO_InitStruct.Speed = GPIO_SPEED_FREQ_HIGH;
 589              		.loc 1 242 5 is_stmt 1 view .LVU146
 242:Src/stm32f0xx_hal_msp.c ****     GPIO_InitStruct.Speed = GPIO_SPEED_FREQ_HIGH;
 590              		.loc 1 242 26 is_stmt 0 view .LVU147
 591 0046 0023     		movs	r3, #0
 592 0048 0593     		str	r3, [sp, #20]
 243:Src/stm32f0xx_hal_msp.c ****     GPIO_InitStruct.Alternate = GPIO_AF1_USART2;
 593              		.loc 1 243 5 is_stmt 1 view .LVU148
 243:Src/stm32f0xx_hal_msp.c ****     GPIO_InitStruct.Alternate = GPIO_AF1_USART2;
 594              		.loc 1 243 27 is_stmt 0 view .LVU149
 595 004a 0333     		adds	r3, r3, #3
 596 004c 0693     		str	r3, [sp, #24]
 244:Src/stm32f0xx_hal_msp.c ****     HAL_GPIO_Init(GPIOA, &GPIO_InitStruct);
 597              		.loc 1 244 5 is_stmt 1 view .LVU150
 244:Src/stm32f0xx_hal_msp.c ****     HAL_GPIO_Init(GPIOA, &GPIO_InitStruct);
 598              		.loc 1 244 31 is_stmt 0 view .LVU151
 599 004e 023B     		subs	r3, r3, #2
 600 0050 0793     		str	r3, [sp, #28]
 245:Src/stm32f0xx_hal_msp.c **** 
 601              		.loc 1 245 5 is_stmt 1 view .LVU152
 602 0052 9020     		movs	r0, #144
 603 0054 03A9     		add	r1, sp, #12
 604 0056 C005     		lsls	r0, r0, #23
 605 0058 FFF7FEFF 		bl	HAL_GPIO_Init
 606              	.LVL30:
 607              		.loc 1 252 1 is_stmt 0 view .LVU153
 608 005c DCE7     		b	.L24
 609              	.L28:
 610 005e C046     		.align	2
 611              	.L27:
 612 0060 00440040 		.word	1073759232
 613 0064 00100240 		.word	1073876992
 614              		.cfi_endproc
 615              	.LFE45:
 617              		.section	.text.HAL_UART_MspDeInit,"ax",%progbits
 618              		.align	1
 619              		.global	HAL_UART_MspDeInit
 620              		.syntax unified
 621              		.code	16
 622              		.thumb_func
 623              		.fpu softvfp
 625              	HAL_UART_MspDeInit:
 626              	.LVL31:
 627              	.LFB46:
 253:Src/stm32f0xx_hal_msp.c **** 
 254:Src/stm32f0xx_hal_msp.c **** /**
 255:Src/stm32f0xx_hal_msp.c **** * @brief UART MSP De-Initialization
 256:Src/stm32f0xx_hal_msp.c **** * This function freeze the hardware resources used in this example
 257:Src/stm32f0xx_hal_msp.c **** * @param huart: UART handle pointer
 258:Src/stm32f0xx_hal_msp.c **** * @retval None
 259:Src/stm32f0xx_hal_msp.c **** */
 260:Src/stm32f0xx_hal_msp.c **** void HAL_UART_MspDeInit(UART_HandleTypeDef* huart)
 261:Src/stm32f0xx_hal_msp.c **** {
 628              		.loc 1 261 1 is_stmt 1 view -0
 629              		.cfi_startproc
 630              		@ args = 0, pretend = 0, frame = 0
 631              		@ frame_needed = 0, uses_anonymous_args = 0
ARM GAS  C:\Users\joaov\AppData\Local\Temp\cc8J6k7e.s 			page 18


 632              		.loc 1 261 1 is_stmt 0 view .LVU155
 633 0000 10B5     		push	{r4, lr}
 634              	.LCFI9:
 635              		.cfi_def_cfa_offset 8
 636              		.cfi_offset 4, -8
 637              		.cfi_offset 14, -4
 262:Src/stm32f0xx_hal_msp.c ****   if(huart->Instance==USART2)
 638              		.loc 1 262 3 is_stmt 1 view .LVU156
 639              		.loc 1 262 11 is_stmt 0 view .LVU157
 640 0002 0268     		ldr	r2, [r0]
 641              		.loc 1 262 5 view .LVU158
 642 0004 074B     		ldr	r3, .L32
 643 0006 9A42     		cmp	r2, r3
 644 0008 00D0     		beq	.L31
 645              	.LVL32:
 646              	.L29:
 263:Src/stm32f0xx_hal_msp.c ****   {
 264:Src/stm32f0xx_hal_msp.c ****   /* USER CODE BEGIN USART2_MspDeInit 0 */
 265:Src/stm32f0xx_hal_msp.c **** 
 266:Src/stm32f0xx_hal_msp.c ****   /* USER CODE END USART2_MspDeInit 0 */
 267:Src/stm32f0xx_hal_msp.c ****     /* Peripheral clock disable */
 268:Src/stm32f0xx_hal_msp.c ****     __HAL_RCC_USART2_CLK_DISABLE();
 269:Src/stm32f0xx_hal_msp.c ****   
 270:Src/stm32f0xx_hal_msp.c ****     /**USART2 GPIO Configuration    
 271:Src/stm32f0xx_hal_msp.c ****     PA2     ------> USART2_TX
 272:Src/stm32f0xx_hal_msp.c ****     PA3     ------> USART2_RX 
 273:Src/stm32f0xx_hal_msp.c ****     */
 274:Src/stm32f0xx_hal_msp.c ****     HAL_GPIO_DeInit(GPIOA, GPIO_PIN_2|GPIO_PIN_3);
 275:Src/stm32f0xx_hal_msp.c **** 
 276:Src/stm32f0xx_hal_msp.c ****   /* USER CODE BEGIN USART2_MspDeInit 1 */
 277:Src/stm32f0xx_hal_msp.c **** 
 278:Src/stm32f0xx_hal_msp.c ****   /* USER CODE END USART2_MspDeInit 1 */
 279:Src/stm32f0xx_hal_msp.c ****   }
 280:Src/stm32f0xx_hal_msp.c **** 
 281:Src/stm32f0xx_hal_msp.c **** }
 647              		.loc 1 281 1 view .LVU159
 648              		@ sp needed
 649 000a 10BD     		pop	{r4, pc}
 650              	.LVL33:
 651              	.L31:
 268:Src/stm32f0xx_hal_msp.c ****   
 652              		.loc 1 268 5 is_stmt 1 view .LVU160
 653 000c 064A     		ldr	r2, .L32+4
 654 000e D369     		ldr	r3, [r2, #28]
 655 0010 0649     		ldr	r1, .L32+8
 656 0012 0B40     		ands	r3, r1
 657 0014 D361     		str	r3, [r2, #28]
 274:Src/stm32f0xx_hal_msp.c **** 
 658              		.loc 1 274 5 view .LVU161
 659 0016 9020     		movs	r0, #144
 660              	.LVL34:
 274:Src/stm32f0xx_hal_msp.c **** 
 661              		.loc 1 274 5 is_stmt 0 view .LVU162
 662 0018 0C21     		movs	r1, #12
 663 001a C005     		lsls	r0, r0, #23
 664 001c FFF7FEFF 		bl	HAL_GPIO_DeInit
 665              	.LVL35:
ARM GAS  C:\Users\joaov\AppData\Local\Temp\cc8J6k7e.s 			page 19


 666              		.loc 1 281 1 view .LVU163
 667 0020 F3E7     		b	.L29
 668              	.L33:
 669 0022 C046     		.align	2
 670              	.L32:
 671 0024 00440040 		.word	1073759232
 672 0028 00100240 		.word	1073876992
 673 002c FFFFFDFF 		.word	-131073
 674              		.cfi_endproc
 675              	.LFE46:
 677              		.text
 678              	.Letext0:
 679              		.file 2 "d:\\gnu tools arm embedded\\9 2019-q4-major\\arm-none-eabi\\include\\machine\\_default_ty
 680              		.file 3 "d:\\gnu tools arm embedded\\9 2019-q4-major\\arm-none-eabi\\include\\sys\\_stdint.h"
 681              		.file 4 "Drivers/CMSIS/Device/ST/STM32F0xx/Include/system_stm32f0xx.h"
 682              		.file 5 "Drivers/CMSIS/Device/ST/STM32F0xx/Include/stm32f042x6.h"
 683              		.file 6 "Drivers/CMSIS/Device/ST/STM32F0xx/Include/stm32f0xx.h"
 684              		.file 7 "Drivers/STM32F0xx_HAL_Driver/Inc/stm32f0xx_hal_def.h"
 685              		.file 8 "Drivers/STM32F0xx_HAL_Driver/Inc/stm32f0xx_hal_gpio.h"
 686              		.file 9 "Drivers/STM32F0xx_HAL_Driver/Inc/stm32f0xx_hal_dma.h"
 687              		.file 10 "Drivers/STM32F0xx_HAL_Driver/Inc/stm32f0xx_hal_adc.h"
 688              		.file 11 "Drivers/STM32F0xx_HAL_Driver/Inc/stm32f0xx_hal_can.h"
 689              		.file 12 "Drivers/STM32F0xx_HAL_Driver/Inc/stm32f0xx_hal_uart.h"
 690              		.file 13 "Drivers/STM32F0xx_HAL_Driver/Inc/stm32f0xx_hal.h"
 691              		.file 14 "<built-in>"
ARM GAS  C:\Users\joaov\AppData\Local\Temp\cc8J6k7e.s 			page 20


DEFINED SYMBOLS
                            *ABS*:00000000 stm32f0xx_hal_msp.c
C:\Users\joaov\AppData\Local\Temp\cc8J6k7e.s:16     .text.HAL_MspInit:00000000 $t
C:\Users\joaov\AppData\Local\Temp\cc8J6k7e.s:24     .text.HAL_MspInit:00000000 HAL_MspInit
C:\Users\joaov\AppData\Local\Temp\cc8J6k7e.s:85     .text.HAL_MspInit:00000034 $d
C:\Users\joaov\AppData\Local\Temp\cc8J6k7e.s:91     .text.HAL_ADC_MspInit:00000000 $t
C:\Users\joaov\AppData\Local\Temp\cc8J6k7e.s:98     .text.HAL_ADC_MspInit:00000000 HAL_ADC_MspInit
C:\Users\joaov\AppData\Local\Temp\cc8J6k7e.s:199    .text.HAL_ADC_MspInit:0000005c $d
C:\Users\joaov\AppData\Local\Temp\cc8J6k7e.s:205    .text.HAL_ADC_MspDeInit:00000000 $t
C:\Users\joaov\AppData\Local\Temp\cc8J6k7e.s:212    .text.HAL_ADC_MspDeInit:00000000 HAL_ADC_MspDeInit
C:\Users\joaov\AppData\Local\Temp\cc8J6k7e.s:258    .text.HAL_ADC_MspDeInit:00000024 $d
C:\Users\joaov\AppData\Local\Temp\cc8J6k7e.s:265    .text.HAL_CAN_MspInit:00000000 $t
C:\Users\joaov\AppData\Local\Temp\cc8J6k7e.s:272    .text.HAL_CAN_MspInit:00000000 HAL_CAN_MspInit
C:\Users\joaov\AppData\Local\Temp\cc8J6k7e.s:424    .text.HAL_CAN_MspInit:0000008c $d
C:\Users\joaov\AppData\Local\Temp\cc8J6k7e.s:431    .text.HAL_CAN_MspDeInit:00000000 $t
C:\Users\joaov\AppData\Local\Temp\cc8J6k7e.s:438    .text.HAL_CAN_MspDeInit:00000000 HAL_CAN_MspDeInit
C:\Users\joaov\AppData\Local\Temp\cc8J6k7e.s:491    .text.HAL_CAN_MspDeInit:00000030 $d
C:\Users\joaov\AppData\Local\Temp\cc8J6k7e.s:499    .text.HAL_UART_MspInit:00000000 $t
C:\Users\joaov\AppData\Local\Temp\cc8J6k7e.s:506    .text.HAL_UART_MspInit:00000000 HAL_UART_MspInit
C:\Users\joaov\AppData\Local\Temp\cc8J6k7e.s:612    .text.HAL_UART_MspInit:00000060 $d
C:\Users\joaov\AppData\Local\Temp\cc8J6k7e.s:618    .text.HAL_UART_MspDeInit:00000000 $t
C:\Users\joaov\AppData\Local\Temp\cc8J6k7e.s:625    .text.HAL_UART_MspDeInit:00000000 HAL_UART_MspDeInit
C:\Users\joaov\AppData\Local\Temp\cc8J6k7e.s:671    .text.HAL_UART_MspDeInit:00000024 $d

UNDEFINED SYMBOLS
memset
HAL_GPIO_Init
HAL_GPIO_DeInit
